[
"5Ea3NRpv32BaKrDsbfHLDn38WDuXbZRW4vw42Rz9C7AQx6Ht",
4666548 
],
[
"5CVcmMekwHZHPKuhoZZW2BM5wiwW2VRYbjgKTMa7XqHQwpNG",
8720091.5497 
],
[
"5Gsdxq8H5ppHvMfjyXzMuBA9xUX3MuV8uuJDrfUs1eMgRcpJ",
11038.344521698104 
],
[
"5G9emo4GcmmeyNByVnwkh8j3JUd9mqu1ejH1hN78fJYir5rT",
11411.909948303102 
],
[
"5CRowtmLqGtpuCtndYQL6kqcKXvaUGoJmPbvYjwErzhiz7Vo",
5000 
],
[
"5ESAqBnxNa6iPDvLaTbhtq7KUck4xUsRNJvqEKWR8a99TjqB",
344882.86779999995 
],
[
"5D9rSaunuZFQkM4pqLf3b7kr8yz7uub5hywC6dVmzTWGy4mA",
5000 
],
[
"5F1FYYnzKti8wPc6abkz9esvh86BXWp3g4P3Xxi7krQwfNVN",
14778 
],
[
"5GGvgkmkx4njeqDu8x6Kvf5Mdf3dMh8DKDkdvsPZfzauXMXW",
85440.9989664562 
],
[
"5GcApVMiZGG5gomB8x5KbxvvDZHtB2isiLsEGP4FT7aWRhV9",
35906124.72889931 
],
[
"5GYgoQCLdjsrKace1VjrYGi8EKb6Wz8AFHMkGvA2ikE4CUL6",
5344444.7642 
],
[
"5FsMuvaiHh92VNuA4CftMGNkoNJySpVcqxYd4jjaV8MR3qAy",
185774.7775393037 
],
[
"5HisAfbNnue7uS8wqKon6E9PyVjMcGLUMLQL6DC2U7DsAkBD",
2607.9278233089135 
],
[
"5CQB93Lh7Px49yDmEKvLEKB8HSX7nXXHAQ78nkcJmyySQvoS",
15000 
],
[
"5Cg5s9YahnRVPzoS17ELcFX9bn2CRrf3rNJVRdqpwww6HEhx",
1666939.5999994453 
],
[
"5ESHHqjPH8xJ2FvHRi6vdtLh34LAM5fRePca1sziuDYGXByq",
499520.2034 
],
[
"5F9mdNvw2hmPrHGA1vbEVzUMsoWmvssgxeJpEqDgAvsAfshK",
1850.99999974227 
],
[
"5HbB4TNJg2aKwXwdeihAUQNMqRUoLyCcK8v4i3ZucPCAFksH",
1148893 
],
[
"5E4gSVnNjrDBWS56N9ZRnDVXcQKZtzv9zkEYaS5YTGokFnvc",
44164.95275196024 
],
[
"5HSnyUa115WWmhuQwfrGihUfiCiL5XoiXAC2JkhgnjE9sA2R",
5000 
],
[
"5GC7YPGL42Yr6LNWorE4EgrFCyn5a6HgvU76b7RGUzQ1ViTr",
1993.0744879169124 
],
[
"5G1E12Uh8iEYXDdoj8YyMX3Pj8H7Eq1GeN5WFYtdYyoQywKj",
2036026 
],
[
"5HQLz3CMHUyZEQvQk6GwBJDFXmPU5PuqSsTXiqAvsJCwAuGP",
622256 
],
[
"5FWU27P32jh8NXCK6VPB9uBfRRftnaYwryuVgGC1BqJMvsqM",
5000 
],
[
"5GP3jhxkLPv5PfEz3qRDHAFgiYZySnRz1AzQX3auLv9EfdD4",
6950036.106841674 
],
[
"5HEAJxNH7jc5FSEq2GGc7FhKidNTrEYcE1Nf1hVkzRjHAH6V",
127959 
],
[
"5FWNqkiZQnHqMzyFKWPePsFCAVk3BMkG43dCdVPdVyhYmHRc",
5000 
],
[
"5HTp876v5WZf1wiA6fniAc1UjZmSghKeuyfE6sXAMn56Kqsc",
142701.3902 
],
[
"5GsdH7VTYMjT7Ygfwh6smGJvb5nwgmE9BSiHaqq98ohuZ7yT",
62424.999994958394 
],
[
"5HGkaq86QRSzykUq7PCn8F1J9QJb7RJ1DF3iED1zkXQjDP1z",
5000 
],
[
"5CUXy15nx7kpFZDmASmp4UiSMCHzSmW6XVPAQ2sPWp5dTCJC",
1000651.200085534 
],
[
"5G6PtBs6mWiwrPF7QAxfSqoohwGBUWx1Na4EdQYFCBYX8oDV",
1000 
],
[
"5CXXmWKt8inFeWQZjCyYFVdFYzzMcZSNJ9JgVcefUihBJvUr",
2175.1999973369398 
],
[
"5CXoGjFuJ1p4awpXrySuXL3QLYsj1uz1HMSNkvqfuCp6haX9",
16033435.565787286 
],
[
"5FNE1NohGzPthzHxS7bo5JkBtKCDazhfeUh3Bf2yjVK2pAsq",
5000 
],
[
"5EZk5RTHwBZJRRKHdmwsjj7uK5YvJwWVyngjmyapCrRoTxeV",
100000 
],
[
"5EckpzfAZ3823d9AJVwA7fgvERzbntpr2BXSFE9JbPsu5NeA",
19591.99999909263 
],
[
"5FgxLmNq8V6E3DBzo6MRab1vkRYEB2WhAgtNoeEjnSPXiXXC",
156441.05809986065 
],
[
"5Hgb7t4WBgkWeSeAnKFKggFMyfXWoktKNTr4e2tvGgCHWEw8",
10281656.381813718 
],
[
"5CSANav4rfHPukrusL77F8fasPnDPMNWiJxvrN4vZ9FpJd9H",
5000 
],
[
"5D1raHw9g4U1bxvtAJPm3LJu1QkyKsBXAoq87cjTKUQQJCbB",
99457.67537207827 
],
[
"5Gp9rwxuCCpfde88C6NoKyZcoAKhJZmLouhqwU8nVcjGSTut",
1077.9400393425747 
],
[
"5E9hM66t8gfSecbD2jmQUnxvbXh7PBTuWJs8ZmaWE3xLtm31",
1003.4637986072491 
],
[
"5E9h6sJZgSRMXvyui4TwFmb3N3ckoTGBFMvTXH1TaKu74jCW",
78151.16149999999 
],
[
"5FgeHDAJESH4PQfzNSKJ88yncv8CpsVk6QV6o96FGr74cais",
47047.99797827587 
],
[
"5D5Szr6hMz3Wz9d1f8ha1Rpca74guvwf6wYoSvuRErbopJPc",
226384.99999986065 
],
[
"5Dd9qzkteTMQkDRFfhZgWUMswpdj88j6LmNwNPtrCLsa88kV",
355075.8852 
],
[
"5EX9z24zcvm6BXVqCNSP7fBmQWuoNLSd3JV2zCgGCiDC64iN",
15000 
],
[
"5CcfgeH7wc6w3LyQqQ2N9JD4fRUUSWHU4VSZ4twyDuJFXdBA",
13300 
],
[
"5EZiXVMq7DTNHUqzeA4MXZ8uyrWrwZYmPThzzJYpXoT6oVe5",
2300000 
],
[
"5D7eHPRcrTw4o4XRdob5DWL5FkoL9d9jw9eZWmq2VhvMTJ1E",
1464909.5084293024 
],
[
"5CSUjwAPgEDr4tNADcVKAB8bAQeAQW85Tt5mcxq5MCoqBfxH",
2211832.0492370594 
],
[
"5F9St178VxrTN2bksYUE5jvLuDSzRx4dXUVNH5iUPfTJXrFw",
227480 
],
[
"5CyZ6JQTGEcQWBJ3dQzd4NpEa318sCZanvedpsMghpSmjQQs",
266361.4167102542 
],
[
"5FBtWt8RPxvzQ1gz5GbvxX4w8eTqDnTZ2PG96AE5BTKxzQrf",
91574.0124 
],
[
"5C5ajhGmLP9VvYwwvQzJAnQPP4b2LscKMcBVHowPkPZTNCXv",
140010 
],
[
"5GbXYo6XmdYRc5NT9Atewpu7Ff52wYsGd9UPV5B2C4i6guE9",
100842.4463 
],
[
"5Da6xYfn4HEopFkNpxTiFBhqtpYb4ZF7tGUzb2c5LxjF75Hw",
5000 
],
[
"5CACj3g9SATGjBbSCCXLEQSUKWeiodVWARUPoKpu2XBRfqb1",
119764.38923306836 
],
[
"5F7RKWLXYMPvDi7Z5vW75QUHKnN4D4DY9RzFhgzfMeVNEswE",
190671.80064985057 
],
[
"5HNQA8EZYHGgNNm5pCSsMyR9DBoYQUSiyVswu9ZArcyutxM9",
23630.2784 
],
[
"5DtS3eUn6qyLyrxpzLxW6kuGsH5gVzGK45pJ3XYUq1Sxj23t",
1005000 
],
[
"5EyFvYMr6bAhSPdX6ASfP6hq2DiwNxu6yxes5SHe3tKYRdWu",
68963.6244 
],
[
"5FUD5er2FRWN5bC3Uv2vATvwEzo1zFbeT9xP3gCAJEB2eftT",
193049.2637841181 
],
[
"5Fy1wgypnpqdWXUDyp3Ly23ZJZ31fuJ2AdrokQo2X9hsm8DG",
1036295.8439000001 
],
[
"5ChUxJJgBhyrKYBgva1CMAxVxoVpmE5RgzLsyqENFF6LV4xi",
130185.51239999999 
],
[
"5DbzQ3mzAsTXifwLtH1sJAFB41UfSPdzRkggVg5gn8RdoYDC",
5000 
],
[
"5FWMDgAn83ZzHTNCPLcA8z6GtUPNTCoDVdcFP2w5LwqxLSir",
1050 
],
[
"5FnvASGctJK2tSs8NQS3v27CSGjNa2Q3ME8aqNi8ZK4Gy5TJ",
1099.1970993046764 
],
[
"5HMoRrZWBHxcicjgVHCV6fUrefc8maGHos3WcTb2gLCCG8B7",
5962.616999708263 
],
[
"5GVwoDPhkLGMtVsRVKXU68eWtEvmz5yUsQ9u7CEYUPCMyBuo",
3342.999997425118 
],
[
"5HbaUpTHkTfsoaWhUmwZEc52ZnvKxxUnYUxXHZDjP4ongtkZ",
5000 
],
[
"5H9SdXhvFVm97yN4eJEgizpjNDacxG6bH6Ybk3NTwUCeEPQB",
54483.80062833411 
],
[
"5DLSeaANtMbDT3es8dJNmYpZ9jUWkq11XaeboERcf2r1AfSq",
278841 
],
[
"5HeBTtt7AfSAR5BbehNyW1NmA5zf3mnvsEcx5DGFsR1eNWso",
642440.4133813886 
],
[
"5D4i82FepStoWu85MDCkaJU8jXpMGRgHZtmytmFsfzexXvYc",
72804.87558752937 
],
[
"5CMAJSbuZJGPvJWHcfafP9hhFMSitkNck58zh9Sn7wVtjPuW",
5000 
],
[
"5DA8Rshfa8PziZT1gMnpUwxWKZRShchKSymbCN2KZWNvRCHn",
1423549.0285 
],
[
"5E4BxU4XBSEpiJH13PuZLmTpxmMVASa8kRo757Y3DcL2ktaQ",
2827.407097451467 
],
[
"5FWm4gXzrZD5VVSQAW9c3PAWHTqX1z33jW1hsidy96WXXuLm",
19463465.30003245 
],
[
"5DtYYHJ5vRpJFonde1CqTp8xGfzU1cnLWVPXtgxPo3PQPykX",
5000 
],
[
"5DCyQQid2zNGzijnut1VFafGtJoCkCND15PFyCvUMbzp6X3e",
4929.799995685503 
],
[
"5CLoothEaM1NgQ916MaF8wNL8JP4C5AiuYDDtTXLNtBob8Py",
5000 
],
[
"5GzmLGswgCUyJoWpZu67mfvfZQdRp7G4CMUhTCjwezLsuSyz",
5000 
],
[
"5F1CneUQF1ht1XtEQwK9e8dVi6x1d7EBd1LctrGBbqBMoXXZ",
400175.4866 
],
[
"5DjnDTag61WAS6ZFy2gyNhG121qdXCDUaSX6S8iZgogfRzmg",
1449992 
],
[
"5H6pHTdmRKa78Qzweuxupn1HLoWCqv74TdWqedYT6C1cdLGX",
1314649.2255 
],
[
"5H8jFxV12G8C5af6ddVEfnpjTuv7xKp5dTkwWxQTRHLjWivK",
68721.61650014154 
],
[
"5HSsSxtBm8KX3RjtcD9zMkHgfXzACuv2wfiKwNw1y95GDNEy",
1270.899997391394 
],
[
"5EsiQHSP82d1yQds6Y2GVJcis1H1otcbbJayUXgzGwQ3mVjB",
5000 
],
[
"5CoYu9weZk4oRv1DqbyPw1cuEZxg5EsCYh3dpY5umv2QuhkJ",
142073.6653 
],
[
"5DtJRn9Cm3cuY8RfWMkPzocgDn2s6VcRpaL7hcLmpfXrXS13",
20000 
],
[
"5GRFvw2wkMSbvCsrPwuJUzcnTm7rLHqyw2cDXWoUKK4oG9Ma",
230973.95357841344 
],
[
"5DRenUq1mKverXRNENaJN55Rx4i3kZDiJVJtgLuF7ag4C2AB",
18566.48652820456 
],
[
"5DymCBTAYkCt3Cpof7NhQ91TuKMyTa4Y38LVeEW1tPacfckv",
57037.12250934766 
],
[
"5G1nw6c37sb9CuYnES64KPg4zWtTqypHQiYy2A1BJBEnby3U",
5000 
],
[
"5FswJ46QsAjwru4xLwYfLgzP9SMHRHvrpL5cVkVUYctZUC3p",
6060610.442492094 
],
[
"5G3nhmodTieDkZ7qbyUcQETyfFskFgwXYvxvpjm9hojjpWeP",
18591.99999909237 
],
[
"5CAaVwefqpVifK1LpQjs8Bo4SKS6Wb6TTzxcVg6CDzejM8Rg",
240200 
],
[
"5D7VUUSFyGJBHQ7tGxVvq2WUKuh4UKgR7Mw3wuiLRkhvyN54",
211751.23666567475 
],
[
"5HjiYAeF1MV2SUYgoEQQ3Lijh4iiwp257kpZFgUi6wq2of6h",
999663.8999986731 
],
[
"5DLqw7UcLKYgify9atGjrnv3iQWiUYnziCiXimZMcEw1J5R1",
26111795.400019273 
],
[
"5HnF4EbSZZUo9kSmHKJ2CmDqZti6xRRgm6ebEPWsbW2WQzMt",
2034745.399995929 
],
[
"5Eeb1vNeEeuVWnce51bWysJucxwsYbeVL6jCTyCDypYPvWhK",
2366407.903048843 
],
[
"5HmvN5RDRakm4ZePK5Stw7hgZeRHP8y22brLRNZwhHMifSz9",
300000 
],
[
"5DHnq6ddWC7kH9VuP8bbmm9GCngbyBccdUYXowTJjMo98rbP",
248489.3797 
],
[
"5G8j1nSx9YfsrT3eQm8mdktnyRNVhaXpuvFtVdoXtfP42tjE",
1020765.4989429468 
],
[
"5G1r2Z8A5SJLpggQ5Dt8YqpwnkMVPuwi1q9rjs27FCDhuoW1",
10000 
],
[
"5F7FRELzQSgs15HtrwavAJUE1pxksTKMBpjEvvC6ZTPeGQws",
10051.203496086375 
],
[
"5DeioXCWQjhsxdFaaUy8VJSCYFHsrhTCJ1Fp8HgyVown8Ab5",
233101.22511160004 
],
[
"5H464ojZQQARXnF8sHdDbF9uPeSfuZyox2obZKHzn6jHQnnQ",
5000 
],
[
"5Fjzhz6jrUanSNTZTZeCg2sJjVjL6XKHj9dWWWZbBpadZr7r",
87300 
],
[
"5H1dDXVF3VbuJ9HWzeZ6kyTNTA7oGQLGg3PHzKUNDP2yLBSQ",
132.0999975534778 
],
[
"5GLW8pdsdq64ZupDiL8VStUGvMq5bpzGm5kEJwVP9kxcjoqy",
33052.15358702074 
],
[
"5DZWAEtNZwbTQ3Sgv6hhFSfvBbMvu7pHzirhEfdKQAwGCDfa",
2342150.0647 
],
[
"5D4zqCfYcMf87S4gntAu7jNykkohqgxTkzZrH767ysbKwv3t",
181144.2544318653 
],
[
"5HYCZkQ56cXAeQMhbYb2gH9KSAZrSLUMrH9byWbk3yE1USmB",
2021121.1642999998 
],
[
"5Cu3ZHVR4nXMuY4b2DoQ4KmNwyiWZdDzuqKPb1Wcv7m74bK9",
1061.8870454965725 
],
[
"5FvicoCopHWwoQB7aBjwe9BZnGPiAwtWhxDFwmrgS2BfHPSU",
2000 
],
[
"5GuYQGJTbtvMF1Ld2mars6F5RNiy5BcxKzcVKJSERtZWsAvX",
1168286.8498632193 
],
[
"5ExYz49s81UrvjZD3WipAdRojbNKBhEvWW4dqyXexcBqyKbM",
69458.5773528632 
],
[
"5EcXUar1DooW6BzhHMSHBnx4YfoBV8riQqAELNazHNmhxiSG",
427057.3715 
],
[
"5HeCcyEP3k5yNDekr6Y3DYjoSKf8R7c9mFygGhNJ9Mbp1XHo",
1084.8431155859291 
],
[
"5FsnpbPP616Pd6EFM8d4fyJC7qK3W4BHtKWe7DurXWdwwtQd",
39107.0045375602 
],
[
"5ExgyegAFWyqMBwQfyssQZSsteCtwmcakdKjtCvGXKTT5T9s",
227446.9215 
],
[
"5HdhhDURSmv9mZfxEYxXJPJiQ7CjSfNAiZn48Sms29ajv8BX",
48394.97458860989 
],
[
"5ExaNdVRj8nHHPPFC6b64UUtBimR3bbqbADZ3KjMwm8DKJXh",
366575.4451292632 
],
[
"5EcFsDzrw7XcmYqvdf9LZwQ8XzT3oMb7cs73RAUTiRNVE7Cb",
10000 
],
[
"5FYtojJwxf1WCCiG8QP3QogYVLieqehyycULxK5tm21nGdnr",
20000 
],
[
"5HRPufwiRqycC2zUDc4A3KrgyykSwpBReNSnuiTZpxiGSWBW",
5000 
],
[
"5GBY6CQ2acv3fMw5QF3hbKnePUa526Q5pUucrfWrRpuvg7yg",
2966700 
],
[
"5GjPEmVjpTUntAuXFNVVbRFo46ekAXZLe7gJJw3pqeE8TFjT",
5000 
],
[
"5FRTbopmvyQ2VPVWq46QjvWqWmHVpDHUKvZsgYe7dwgfZSiC",
27084511.9217 
],
[
"5FNmkE5pVgNYD8bhQQHYdTsDTcjQfLcjvJDwpKtLu3VXzfdA",
200000 
],
[
"5CFKCsuDGK3KqwtwaMWfoByAU6CJbTjYnyztvo3AnXBfpdA5",
56851.7610611316 
],
[
"5EvVh8ieLDkmW51g5X1Bk4qtHQGeGWZ8ZGb33uxP7zQzdmPx",
5000 
],
[
"5HWbPfZCPvueUobQvGwNTY9dLBy4Nvrq5zpvcLECpf1DR2jn",
13705.999995801565 
],
[
"5GNRhFjPZR7GnZdRtabK92ptFVF1tkyXguzTQEQvBHJfb1tP",
5000 
],
[
"5DALWzAs6vsmLSaKLjtrbWr5JcLoBYa27dkWWy9uWdxuAF4c",
3054231.9802787537 
],
[
"5CoHwREfWCv14Zo5Vn1bVx3TcWyWDTDqdREp4k624Txi4teu",
27299.768922397372 
],
[
"5FpexKLF8YVMzonzaJQ2ii7nUrNZfNQA5ogeBVz5gdhF19ex",
9038.99976167763 
],
[
"5CPN81WKFwRsiSe9RWFARMLQQg7yK1uVet9jx5iabTvS4Jew",
483096.6017570725 
],
[
"5E7uqDD2Voy2tUMdRUPz3B9UMDPx8bQNHSKJoqyc5RCfFjHs",
12123 
],
[
"5GgGQbUvBouTyQikss76NddZGyMcCYgVNXTtArZrbs2Ewo3d",
21491.651098122446 
],
[
"5H9SxgqjRaAPUxbehszB8kkcvT19mxck68DaUMQFBgstfuAG",
1065.2470670016617 
],
[
"5HmEQdE4BJcv6MPJqZGjXaFHASsaWXhpKAHiWoe1mw8F88EE",
454325.33872357686 
],
[
"5DvzHecgcuPgqwup3HnUfPfDHwEuejtL32F5vSehMDzKdmUR",
2076.405299807998 
],
[
"5GE7LUAphHqYo5r2teM3heeGyrVwksH5rBojCubZVkZjRpVR",
22334.767242867663 
],
[
"5FQsiVX87JZVmJZh6pLK8cFohhbqnV77QK7gUbacrunM13VN",
12270.684852736209 
],
[
"5EnZpq6KfJNSzZ7HkTPP37T5QKM7NDcXy5iaSWo1U1rxgb62",
306301.9814397799 
],
[
"5GRE9a6BP93qevGMiNXmnAa7VJv3dg8GXWdqDrpwQ5HvMZHV",
2090200 
],
[
"5Hok5xrNvkG8jzFn3gn9ELsW2HZ9gBnTcGTVAHTruswqdgWm",
6289792 
],
[
"5HVQWRLJp9PHvCRYzShkNBiHroU3TpZeLmeH58Z6ZU3nvexz",
5000 
],
[
"5F43qufszKHswwmMH4iKgXLP37F2TtisWj6WAyqP3oMV78JF",
2532144.4263999998 
],
[
"5FZbmPJPEE3ovVnr4cV28T2a1qMRuLp72cjFCurvtXn4bXaL",
20000 
],
[
"5DFPqT4PjLUokyKRjBEgWtM7vikSZcQyGT693nZpMc7HYZmg",
412293.70749999996 
],
[
"5G4fc9GN6DeFQm4h2HKq3d9hBTsBJWSLWkyuk35cKHh2sqEz",
200000 
],
[
"5FUKdX82YuPXxHScCU6DTpvp5camt5UKSxYCXK7qwEt1fkR3",
4048256.191699765 
],
[
"5G4mw7iDwyDGE1irJxLiY3hkG5HxiHCVVcea5CBzXNQnYgLH",
2675244.8224530877 
],
[
"5EYCAe5ijiYfyeZ2JJCGq56LmPyNRAKzpG4QkoQkkQNB5e6Z",
1033833.095315609 
],
[
"5HMfiDhty2cJ25LTDE1Vbfw7AJj4QjJz3DAQZJPmrn5TN4PZ",
373613.4443078406 
],
[
"5GriPLyevRS1E4jgg5dQs1g9oFh238SPmMRwrbfVftbEaPs4",
263714 
],
[
"5GpochGCzEW1iys5DA6SaXKiPZXQtob6yyLuFBrcggkdzkog",
6795580.643208661 
],
[
"5DiQM1FMkx289RLQTqNK7HGrfksxjAbWXfgv1RJBqTXUB3PA",
91244.68937568429 
],
[
"5GENqidVCPEVMkwNcEnVmfRhk8p59LPBgt6ef5EHQwQYi3WX",
903380.3669 
],
[
"5FHgB66jHnUYrFVp2oepDCb6TLptnabb5sny2vgTd8rZ7xsm",
62024.66577353127 
],
[
"5DfhGyQdFobKM8NsWvEeAKk5EQQgYe9AydgJ7rMB6E1EqRzV",
32.6318458541885 
],
[
"5HDx3mpjpdUsBXGEUpSHfKNTHDFd31CukZ7UxuQdatMPACcd",
5000 
],
[
"5HmsuBE5W5oEKGE3B65SFdHFfmQx6ohpE3X3hYoFh9M2qF4m",
1016255.0993597691 
],
[
"5HieJp12ikygoLg9wnn6a3zQGZmbVwTdiE364EmZbNsKPem8",
334690.01757712686 
],
[
"5G1AHM8scMbipGi83L5GdkBfKbthHMUB9q83pPSHENzDEDQQ",
4480000 
],
[
"5C5G1mPwWKfnkVVjUckfhX4Di7eJ74NBCDbWtvgWbwaq1QZ4",
13589092.0855 
],
[
"5G9VxGuR265V7G9XTo5uw7shqJ4vFzWYygi4nMrZh8uNmxbg",
4479922.874100001 
],
[
"5DyacRU1wt4fS1iyH2hnjqnqWx91Z6eLLGGjfq3w9zdwLB1S",
3265727.999999708 
],
[
"5Gjp2va9YAQgpFfbmApoc3CHHn9ZSrQ9tuVRnF5q1Afx87AJ",
1162549.897 
],
[
"5CZo5XBgzRZy5DTPkGPwbh3J5iKTDB7FkkCgyTcf36nWKGqg",
12000 
],
[
"5GVzzj3FsuaYz7EhiZ7QhyXwb8ZhWuEXjv1JevVVXUp8e6LA",
67172.51679267292 
],
[
"5F6TmfQALf5CCVwGzojgLiuLm3qGuxbr8m1Ax3d4Wv4guNH9",
2083.999998387434 
],
[
"5D88Q2KB1ExxwJoBg4oCFvh7szqFF8wu1zq2D2iTqu18GDGp",
2806.299999232047 
],
[
"5DqcM4FdwoUCnGLubyyUVQR5vUELjrjKhi7HsfdEUc5daGHs",
53531.99999827717 
],
[
"5DoMxpYEsMJqq1KEvNMqAZXaLmyJ3KXUb4CpeThEMEqQoUx3",
160255.32975656426 
],
[
"5Fs7emPxa1sM6mjkjRVy1yqxEvfu9LnvnnJjSUn25YPCDMaj",
158255 
],
[
"5CXH9TZuqqCKgBMBNqG8djWQu9VYAEAThNAccDugUqqaXDfT",
13070.999999308118 
],
[
"5FWp3b6d7L2Su55A6egjQzepw9Y1GJ8NW2u1MZiDmNeTybLb",
83124.95630175789 
],
[
"5F4htRgeF8C3bYLVZ5a61mpRr2kTGfryzjpe6Rj7AVX3xNo7",
4501.299164763647 
],
[
"5FrzC44SxRv1zx5WwBGPG7DKQWZ9khizvEXoP2R1HqEKCDEM",
5000 
],
[
"5Da2WmZym1AmnrR6Lh13VY1BfiSMk2iy85N6TTsZCijGb5M8",
1492000 
],
[
"5G1uEHYFPvvoNvYMJDpEHT6ZMVdu2G5x4wMfx5Foj4EQC16c",
200000 
],
[
"5C81u1toF6wh5ZkPfsPWRq3ZdHdcPv1dxoxmbDSUgXJvvsY2",
8791708.8194 
],
[
"5F6V5UfDGvTwfVZQKDpZNnvYTHqToFEaamdSnz875auNCkMQ",
7338.099998333995 
],
[
"5GLVakzWGwrZwCkMJt9T3Pm1QeAjZ7yc7o6M7St3RVSrmjPT",
32058447.675100002 
],
[
"5GWc8hL5ruPfrrkZSrKHEHc7VYwMYdrpDszXZvYZHMntLDCE",
3025.99999164118 
],
[
"5DCZRgabbLuQaMTRPE6EbBEqZG3wy8kr5pXXJtnm9rTUzF9x",
203773.94019445608 
],
[
"5Giz4YUBnYxa8SNvHKp33CoWnBdy4S5nk3VA1m3pxDKZfsSG",
744680.5197541327 
],
[
"5EsYXw43N41Ze1xEKG3AhdwRXZyke6PYqUFKNdn2ogSC2obT",
3241217.5945 
],
[
"5F9oXFyyfnVg4rodCgeREDz2ToTTthQiHXTTraik3z1jmMTH",
8098.8406321328375 
],
[
"5Entb91EHp65BEjs2i9cBSZiTpt794HafznHs4dvTY3DRBMx",
5000 
],
[
"5CPyn5s3wMLZ4iZtL25Ah1KXqJodKgEsEM2g6P7rtjLbWwSy",
125669.51186492159 
],
[
"5DJdkuSeyFE2ADkFMtixrN1Evc3Z3fZd4eoeb4FNhirysN83",
5243611.60709259 
],
[
"5HQe6MKZASaCU7mqn7UGkRvwdka4xYrRRy5e198hkYubMNe9",
1084.6999967165048 
],
[
"5H8pnc98HwWX3KYKUVmsNvPDSrsRZCAqxNrgPqbwArHJVYFK",
28620571.454 
],
[
"5GgVUeLwYTeVqsoeeiSThyvMDB6n9Tcc5D3WRJoJa8xrCeLY",
48310000 
],
[
"5Dk1aYCsZYvq75YSVpWqyFxjXCDhYL6tc8uMgz6qn5tVgGbb",
300109.52489999996 
],
[
"5FRby7VSroBpLJ1n8nABZactxPCmiH28iuB3oDNeQ8GvDtbP",
185000 
],
[
"5EfG8G7qpnSCUG2fqosVqjVKmcdK1X5ZcFuYVmPJkWbfVkvF",
5000 
],
[
"5Cw3mr34EjAiFasfyCXV8txatcHPX4YznEU7tkQ2m2bUayCL",
5000 
],
[
"5GmZxnPekEFYjqm9Xd86RuKhDhEmKR824tVuqaam8WkwPw16",
48159.18316427476 
],
[
"5G21TbDXor1FUsoVaxxMwXKFtgFKyEfYToyQEM5PfFEx7ZtC",
330200 
],
[
"5CFJjj6UYnepPrtBKkw7RMnSWy5vHyY5F9WbG5MEhXNQk5iU",
726239.0243985002 
],
[
"5EvEZZz4XgrReBjMKcBJEPxano8sszxUyDvmGR8VT33gBixK",
1318.5999991625984 
],
[
"5CrNggc2mSKW4RusBxEUXaa3mamoDRmiRHbZpE4M4XHws3TX",
2000 
],
[
"5FcXpr5PwUhQJZcQJCSQLdTWQKwhL5quyNtk7q1hbjWzRVYK",
1069985.6292998614 
],
[
"5E7tgYCFTDV2nRHUHgJ47DM9nZw8xH66M9aB4oUhokEdNmdB",
13972.699999580922 
],
[
"5EEzAcyNXoCwAkEeer22htwwN7ZeHPBzFHQYjDT1SQQvAkLQ",
222490.99056998396 
],
[
"5DRsLejJ8Z4aW1rrqd55W8wrHM2JP2QMj6M9H9Fc9b7hfVNx",
118702.9 
],
[
"5FbiCn8Vd87ovRE5s2j8kE4TWyZ5PvGzpR8VZ9ca6Z3mtmvu",
127132.09849836722 
],
[
"5CwjPinzqcDryN4umuZVZEGKxQeigrh1yXA46on6zcQCtxxN",
5000 
],
[
"5DLwA5rS5XJtMUSeLgsT3gxmYH9nwXvPRG4y4NK9kNbmtxiu",
5000 
],
[
"5HKMTz4qZahzBp5nYjwwM9zbTMyK3RLT4hWPqTRuoEqgDL43",
7728592.0603 
],
[
"5DyTo3nT1VB9hMw9HRTAGw6GDwftwVgcAW4qomgmjLoSgAbK",
10000 
],
[
"5FW1vfw5CCpUBD8PBF2sAQR9SWT8bAt2SLHFNMvhUPssWnSJ",
61394.753070462015 
],
[
"5GKdcsZDWifSMeNsDa1GE3qytjE6rquZgdiaFtr4qDT3Vjcz",
253170.76267932274 
],
[
"5HEM4AZExSgdTmzhNrJgqLJXBHiNZbPaSRSV9G5fUVBrwwKs",
999881.8999994526 
],
[
"5Gxznv6Qm2MhxKhNTeCd5W3XVsZDY2ajpQj7C1DtY78hgDux",
45781.32506031551 
],
[
"5FYxNCYnELwzi1APadp99bqKLdd5zhRAmeX3wjMtkv9ZDbCG",
165880452.99999925 
],
[
"5FZrVVyEYuhK84pwMD616FcwHBMU6hoTM9hB7zhfUrossPcW",
1779869.3359 
],
[
"5HRFXYzEofGifU9yqyufQDcNBz5gsx1k8Q2167LKwtHHgNA9",
1000265.8000008232 
],
[
"5H6Mkyf3psXY2erBQ4RiuLzjYYNpS9VAcFjJNDXRof3CcDd3",
304358.889497983 
],
[
"5EUixXy4BjK2DsRP9UcxCkUArZeWZwEqDCyY41Gu2C9A7vmB",
668874.3675 
],
[
"5CzKe7zofhNSYyQ1qNzMCTaJqStf4Yt6KiaZ3hn9qDrXQwXi",
24559.229900000002 
],
[
"5Hg1A6igTPS3t4nLoN4SRTjtjEWU8QThNnUEzzkHXUGnRAnK",
1124 
],
[
"5HjR7J99mSTEQyQ4imStrSxoEyVbLZAaQvb17cn6i5LaSuQB",
489592.6769690443 
],
[
"5EeVAyaH5A6MgfTwCtu31MJkzp87Ak4mZAWFLjTYTNBB2DYk",
1760925.110028925 
],
[
"5E1c6KnDsbzpY23daARMFByv45LBFM923udXU8w3NZArBbLJ",
33553845.76156822 
],
[
"5FxisxSXtUSeRDTeK5AiUfo1nRjFcL1u7nHChJnofxwrewuk",
1291.9999948783707 
],
[
"5DDTT2vFoLKv3hbS8wav6hGwF8MAWDZkk5wJJojieNAqNBBt",
82441.6233 
],
[
"5FLVXDkFs1nTCpRSgNkW5SvCxwjsAwY6K4qmdUbVnhrxtcur",
5591310.3669 
],
[
"5F4Mftt6QSKEK1fcjJktmqqApTBro5RaC31f1mfJNSSNgPQt",
175451.85434119968 
],
[
"5DCGoLAcrxTGZWvuS2oB5iphecgM4XsHVJzeMSf2NhZ8njBz",
15000 
],
[
"5Do18NouchQ9NHE3Un36ymp6egm4sDL196SHD8Wt2TC1SgwG",
999881.899999438 
],
[
"5GETh3F4h6dAC4Aisfny7h2HHfuyASYQ3GBZMLSTYfaCMU8A",
11347.47599972175 
],
[
"5GvJKKPsQBzj5nkyT92PNJFLTQo3dkwMkeXJhCtVHLe75sWV",
1689899 
],
[
"5GP8WwucTMokfvp9VRB9TbyFXPACXL3kS9Qcoav3uY3dcvJY",
3069337.97894622 
],
[
"5FpvrBo4Zb8DMiUb8Y4fwVUJQrSjVe2Y3gSq791FPcy8Xar1",
19616773.2757 
],
[
"5DfJCcN2HU2nJirdQXhsnm9ercYaTGaAb7xNKcEeo6EmSBKm",
869956.6461 
],
[
"5FYoNKZSXgQWn9ccZkha3RURfhUNvYYSTqpSsfv6647a9Y96",
5000 
],
[
"5CtqYbjwzT1pZAj1ZvFgipVgF1xyJBFf9bTHuFqaeWAyLRPg",
3488.9999975877254 
],
[
"5HYmJbps4cWsLrAhVhiQCUrT79dCzAk4M4ukYbQSRibWwxrj",
41198780.9958456 
],
[
"5HBBRGb2qEiQKsbhToNahBJMiBGzx634hAvnvaknib4crLR8",
121619.32327424885 
],
[
"5FEuTM7FrQff3hm6w4QRU3wk9gJaj74SSiwX42VxMMgj8wD4",
471863.0219 
],
[
"5Gy13PLgpArGs1FSuDbozdoHuQb1ATKUJGwWBvyQ318buTXa",
876612.0567906462 
],
[
"5CDnn12ZPqpRFYjDRQKqtKJbWkh1rgBLp7tWGcURdc9A7Vm1",
1007024.9291999999 
],
[
"5CaXM942dyasBJvfTxKErVqBgruaApLnMTP1G9pcQyhCwMHh",
20968849.8465 
],
[
"5Gk4uLLLo6pXGgB4UKEqRBWpRKWv5RyZQgV6huZA41nC9H9G",
638080.028102341 
],
[
"5F1Kg51TTq1CMwxRU8Cu9UvHDGfP5MTawvfQkV8JSWjDLoW7",
5000 
],
[
"5HowLNppg18oYPdSo9Ys2u2FLzipvELdGJTNLKrF6zM43JPu",
1019984.9999998607 
],
[
"5EFSega39hik6fb3nKAaeSSYsiR1tbU3VE3fMSHEP8bcNuWR",
18295.999998568142 
],
[
"5H8UqgeSgoLwveH5r78W1LsrEvZ7sCNDRvNnnCTnTxCXY6Qg",
1485395.4741489706 
],
[
"5DS6iuvvYJ9ivv8qJR3H6sv3FDxupF17oK5eTQSGrad6p8w7",
49809.99999909135 
],
[
"5CV1B1C7pLvapcGE7umsYghxqe5yBGs17h66jMCMTF7Qt9jD",
1535865.6636081848 
],
[
"5CG8A5ZDKb3GuAwod4bYgvgWCEc9waz4mmxBCfFuzQyW5c9g",
208638.08283059872 
],
[
"5GBtap4G27a8JQNskQgAasNXVJunUKRcMp6D7QHsvFnLfeDK",
786826.3045930112 
],
[
"5DvEnYqsgSEGhupAv4hGdqwzo6gkjLrD3WbPN3L7ZyUGEZRo",
1650.9999979716983 
],
[
"5CfmT2Gwz68f7JVurQxS4iCv76bt5Az1z2r3VdWxAeLo4W4k",
5000 
],
[
"5DNyTnxqRik9YXt2NathXdt4g4wJzr28Z9rN1kMk8fYdAJDB",
49843.19999950434 
],
[
"5GYYeAPYkSxRjSTzYwdq2kqcgTUa7z7oja79ceupRpx4S2M5",
90353.61389924791 
],
[
"5E4nX86naC6EXixw3hcAtjCzmjKc3VF6uEq6bfvwW99GTxCL",
2159991.508297259 
],
[
"5FCAcRPxY77RVWKhCDZMpmVfnWvUsh9e1hncrjtEnPgs6fwW",
1161108.9107000001 
],
[
"5CfqQS6cknYACTfBY9w5p4vR4d7ghQgsu94vFmQH8jd9k8Z8",
22298103.1771 
],
[
"5D8H6qtBFMntuv5Z5MZiqJQUpXumi53NtHyZBHCtbnNjuRxG",
5000 
],
[
"5FTooBPqP58tsVoMELnMFWXEMMRsFNRyuYFPDSpzv7FAv3bq",
28500.08214407464 
],
[
"5H9RVisok47xh66tvdLErKDr1XcfMjkb8Bs6zatNRQb7A9va",
3987.599999775127 
],
[
"5EUoqJaT9kYnSLZ5NrRL1CRbYoc1jdJW1Q1NQVcaHkQt47ss",
699423 
],
[
"5EFTi4hFQcjaMpsvvSphYKmZB6iKeuh3SB8rBDU1t7S97NDp",
123499415.29999985 
],
[
"5F4bcGvErKDngTdS4pPcW3fZ7XPXU78WwfsFyWccRnJmB9EZ",
53465.99999800348 
],
[
"5DDD1Xrwria7BZ4NAtMUc5k2dbfjy9AC6ib1xN1L1y9KqWEW",
9443.046149693464 
],
[
"5CwTGCdnirT8ej5DGtCw1ttLDYvw5C8o7g7XTSSsxXaVz8no",
23972903.011062887 
],
[
"5E2AUYWvZ7y4rjagf31e4siARLdfEXCDMY1B6zZeQSiwK9FG",
3000000 
],
[
"5GCJDeofF4XxS6ikthFzTmHVXn5XznkVz4JDoJ6QmkJ4crbx",
5000 
],
[
"5DkrPBBGExWVX1M132u62e8LmHYNzdVYRxvhV9BTArfJELTP",
5000 
],
[
"5CwLtMAjT3giRpyMxkvU4BJRozCrR5Rx9DpeM3sQKw5Rp6bZ",
3197996.6950999997 
],
[
"5CAGWqGSFthHVq5iyZUYAwCfQAxfeJGC3FaYAUiZG6MAvpoz",
60853.96094106023 
],
[
"5HVsEE5SWdmebNrA78Pi651WwDQ91Lvmmv6djpfkaXuFfVcu",
41985.099999867336 
],
[
"5GEi7zubqPtKkQsKo1HoXPCyo6xNPUKUDyyGHDvMmCPPjKfC",
2043.799235535365 
],
[
"5H5o9GSo8ZUTpB4R62jcuuQ5W6Cfmx25gRHJr1NaKdbnWaBS",
987699.4811000001 
],
[
"5FH3KgvwbVu3h9WpgpGNSpqD2DcEMYqUY9Pv8yQSBJ59kBcS",
1895.199999019336 
],
[
"5DycmDjx49HSQrGJPsNtYatF2vb46Uo9ujPc8SLYTGkifGVK",
5000 
],
[
"5G23em73wBf5DtvSosYpfr6PKQAdfsYAZUnsWTnqRDjP8NXv",
5449790 
],
[
"5DQ1qpqSmCKEACAQGRcfs4fusm8rGViuuBJbLxaxVZVBBSrg",
5000 
],
[
"5DFtWoLa2mGamUjJURJFXb77cX48LiQmKxQJPY7YUFZczqtn",
1547.3994171988509 
],
[
"5ETutvrXGktWp6pdYK7hJky9xsrFa1i437u12G2JUaumRN5P",
4998547.8025410855 
],
[
"5DnMhnKfa7U6DQenbaA86Qtgxq3ztnrPu1sCbB1EKaBsKRvC",
1052.9999992361118 
],
[
"5FeMsknHu6vk64Fab3gUg4iQrkpbtbf9jPU7VaELZePVUaX1",
473201.41709999996 
],
[
"5EFJM4s3Hr1yQzXAzPRzGuK7WXAt8WVpYDbVmFMNEpfeeRH7",
1000.8993375036532 
],
[
"5EhrAPjkpstGF7xdk4YzTemvmGrwQBoHeiiH4EnTUgcMccHg",
10000 
],
[
"5F9zdWBabdiPjQL311VsXoZUcryLkjXGn8TuDdLbxNBfvc3V",
6745315.365464433 
],
[
"5EZTCYrWu2DNTRBUVUZx2pQ6Yudsc4t8WvmDbt9k9TsED6Fk",
1009.1152995569666 
],
[
"5EyCDeFSEZ1Pn99DUdLoyyZRHhPbYKRkvoAmXhtm1cZXJXPM",
61260.18999986106 
],
[
"5F3t2PLpK729AKTwZ5rAMw28ZDw6hhSuuPVnqwzhMgHXshca",
20016909.18117395 
],
[
"5H73XiASDTtavS6XpusEBfSHwizaQtvjxyFKBX1asv8s65K1",
25591138.3387 
],
[
"5D2H49GsYpaidp5xuUo3xtZbx4d7vvCao1cx837KbPnhpVAk",
1101100 
],
[
"5CAYMdDqMnLeFa6hCAY8eTeYZvGAE9ixnC43V4bqwpgNCRNK",
1023.0987914927593 
],
[
"5ELfCaHifC9dg3exZAAyP1ZpwVYrjwdjEse8sdZb6ARpsbiz",
8870.099999568398 
],
[
"5HB5WH7AJBZ8aXgckwSN8WyVyjZQeWaebvh2GGCogU3jCJ49",
5000 
],
[
"5EXae1VUaAiwUvoBc6JwkXLQ9ePjn9KLP4cZTNDvs5n5vkSV",
95013.76725140247 
],
[
"5GxmJWHMswpVm4iK1Mt3nFYGJnYs6tp44JNXQmzj1Kmya1Cz",
500000 
],
[
"5G1pLzkcy9VScGyGmmnazbFx2RVX4UeC7tjFHgXA7RUmrcrw",
20867.2804 
],
[
"5HRMzj5BGJtrZNivQ1HLNkqf9oJxGNxuXuggY6KLvMHRviz8",
12240318.4774 
],
[
"5Fnsup1eFckUnzwzhZt369edCqnpDw82g7aaSUzNKtRAZb47",
424299.86939999997 
],
[
"5CQ4hkjSX3fEpH5tequSwpc8E4LPSDMwTzA7EWrppX2QHFkW",
933176 
],
[
"5HKCKWwRxLUk64U4VyDNppC4F68XEiw7nMWZbbMcuYZ1VJqC",
130097.46511555283 
],
[
"5GeMrBRrZS2s9qvhMKYPwVmzVz4mqJjZjMqDXesEgQQVGUWo",
5000 
],
[
"5ENgD8AvE1VgZe23ayLWpLzisJcDwBBEabSzt5rfLBn4rAEa",
13983.660844348417 
],
[
"5CV3CxghcX7XJQzbiFLXr7anvpjdi6KfGFcvsNG7u8c7pMQ1",
595575.2239713955 
],
[
"5CB1fZJsSCnfwWzs54CNrNxxsfM9xXLnc7LgXCcQPXx4QJF6",
141183288.5857723 
],
[
"5HBdwCntCYtcqytWUL3NoVKF3dMhwDgpmh9ZaipbGMrMo6x5",
1111 
],
[
"5Cck9KHSKVtvi1RBAken4oag5Jkbs6T9hibFt1xMKyNQ6s6U",
5000 
],
[
"5FCoTHzx6otuMaisAzDxK2PHq7MHE8HqJX4bo4UQ3kt2fn3k",
16848 
],
[
"5FCvZYERakujyvyfdP7mFfFfk3R47yEzd9Kz4RDt8m3Hfhnx",
340418.0483973123 
],
[
"5Cg2EhLLR3SWea9KE6bKQaWfrGvajeNaPUwWz6i9zPUHNqt6",
5000 
],
[
"5DFr67SXGesaPZbVW88RNEf8FzSRuv95FVM2aWm1XpFJWT69",
2402588.2542956388 
],
[
"5G6GvBMZUeb3ALBXkWJDRAVx82vUE9r5WsDZybsPFQ2ZvGpU",
1005528.37199059 
],
[
"5HEM4KBzCRTS4apToJhjrYS7GhJbDrFTWct8N7rgc4D7YXK1",
178369.99999972232 
],
[
"5CdJJMgbpPXG8YRq8Ub3t1W4vh8kikokeo9eeazGStj5rnRo",
11320693.348971333 
],
[
"5D7Ku8zJFdunrpg6V62rNpA2xZ4PtWwCpiMQch2bSGzr81m5",
50545.58211508107 
],
[
"5CAfrt9bs5Mtob9BfRXoC9GZxPcShDavdcNrtzuh7KjwAhMi",
66328.72848340892 
],
[
"5DMBjX6B2xfXVBwG8kQNKk8FRDAkuNrrFAXsjvw3exAhhBjk",
497422.27796874195 
],
[
"5EfMHr6CTjoVxJZBK3M2nbTsTeSifrNAqyjS4LkjkF2ojUjB",
5000 
],
[
"5DngqFnTfk1NWjMmftGDcyiepuRyy743EwtmddTR92D5wbgL",
52127.30852643076 
],
[
"5CD1zgcSfCoHDw3vYX9Hc8CM59aPUufeVTcvP3SJV2WL1VqD",
80834.8397250502 
],
[
"5EcWaVaUrHFWSJFyC5P7z5ABh83XJrDuZ6MscL2qBsnQdsNX",
521222.7290811822 
],
[
"5H5yLoVjDNgk4H3TT82fS86UPJBJ9cifNAfzHfk9i1SCS23P",
908005.9529101448 
],
[
"5HHH3293c2w9HvwyS9Y7eaLQuQ2ZVy1ZJKuHm3R58jyjuE84",
5091000 
],
[
"5DqAe2KNzXVpNGZ3Pnuxte6PLAz4fk85hxt9FLpV9SxYevZu",
5000 
],
[
"5GesAZnmKMV5DydbwJptJ5vaVmsHBQgNaEVkeyVXQaZxLkhR",
24824529.30058563 
],
[
"5GQeEJ1mnbedogSZKzGq4ugp5PANSSVDuTS97VMrJ45Gy8bx",
143554.0514363257 
],
[
"5DcF5wJXYQDFcV4DGAnTFT1qXBD84T5YjecXCnpMCwWDfi2V",
4394.923901257988 
],
[
"5GpFvRArHNqH76GksbU1N4vifGpqsqFhX3ddNs7BN4FdtALB",
9986.00579971914 
],
[
"5FULWfna33veb2JxPyJFYdvgSsXJjKHWnu9hKjCdezFmAFi3",
5000 
],
[
"5CmJAjBv46DkxMKM7xJJYsZfEjft4Mh7WcFNZfxtC1SwC7HK",
18723.496004599496 
],
[
"5CSkbjoWzPwvnG4YuDgsbdS1PBq8GGthscg2Di7nawyBdejd",
240577.86614649452 
],
[
"5HdWQapX9i8SkhkwfzoWHgRc1DWN8cSYdFN8EQ1BhKeTii2X",
143539.1604 
],
[
"5DkDgEYraNmCcm1i2cyKH36vZZWgFK6YvttFvvt8xPkAQNf1",
5000 
],
[
"5Dex8z7CgcEP9oiFwRpzZ246DLxfwZVKHgYRemxjsZqnDswj",
1333320.211742176 
],
[
"5HGN4rpTiLjt2h3rNru9MKDR2RQzKrCfJGrf5s2G64Pasvpe",
5000 
],
[
"5GjVrB9W9hgJ1tyyfWW4aaqbHags3ZF3hSADd2db6JQ7hK31",
42804.05253373061 
],
[
"5GWaHxz1v7eMX7Ti6MWksq4HH2HCgAuy9JCrTCBsqsVbcBz7",
58879.98604586348 
],
[
"5EUqQABbzbYQKtysULJcKUFGgW5g3YHq4GFHSteXrcoMAVDp",
1652.2760011574737 
],
[
"5EbuMsRjdEaLedofe5RmDquUJf56HSSg7xBkMoTEUrnLmCYu",
392695.00000000006 
],
[
"5DUaU8pja9czghEUv5DZie62iUhZE6w3vzDeVYWTWQf9AQGC",
2000 
],
[
"5GEXS54WYXbypoCZtdgEZXGiCNtB9LJ3yypYQPvhpL8fsxby",
897832.5971 
],
[
"5G1JNttF6TGDhREShn4sYD5Ze8YPNP5HiGagQdF6sLzpZotg",
4644827 
],
[
"5FL89zCSswVDxe2PGy5FsGUV1p3AJFaF9GEUeG1LeNUtHwZU",
1103485.099999837 
],
[
"5DRjpvphMV1MmU7GoL4t8mGtqNgFLSdrXKUR8eEVSbQBtU7k",
2850.9999997505315 
],
[
"5ETnNMADgsTYjhpMoXWpGDTF2SYmbLHnJJCGHiPGj1HD5NhM",
4988.520068623541 
],
[
"5GCckMw6HweLLxw48Brnz6b9AX11HREUZM66Pg4VeJscNeEH",
278904.75048930006 
],
[
"5DUezCvWxNotBKukADTQYGjKoF5f3DMpu8oUrEWr9B25faxo",
961679.8269999999 
],
[
"5E4Spix2E6H7P68cuMVUij1wWqYpyvpXx27D8WEDhHVvvTRE",
1001524.1775567537 
],
[
"5FZrqhkUVJqp1N9RzH34ZbjMwcxm4ytTuiPKM9a9B3wRgFdL",
179030.8105 
],
[
"5CPwgdD69c2QxZ6k94oB2R1GGzXHHNjZqmEV9BFQwG5nEuaL",
29327.785 
],
[
"5G23VHHa1NjUzNiKq5QMLkmwHMAsHG3aZr4pGkydScEHEBdQ",
2974665.8680999996 
],
[
"5G3gnp58g4kSFrQo8YwCWptiMsejvhTVkFAQvnYAhyyfSbV5",
109874.8506159971 
],
[
"5CRquGeTkuwdDPB5XzDtdo2UevQsmR1mscygipvsBycEL2Cb",
57686.98621068576 
],
[
"5Do7jZ9uMdM7zgpsqsborRf6YGvnPprkuRZLEfMBcPsMZH5R",
17597.727407776263 
],
[
"5CG3D8NgzRahghaTFbb9gSuFAmpQNDBpnd4YVWbdLYKyswZZ",
5000 
],
[
"5HMjGmwNJBfcoW4FssEjGqYpZHkN7gHfDCk5A8myz7VthWPB",
1038.0999996134108 
],
[
"5EkPz4zWStELEqmmCN2iWvBMf7jxVkLzBRyVWWxTUgvYZNmJ",
76534 
],
[
"5E2aMPcdZQQSaBxhT1XEqdzbost6PNaToKWw7gsbSVc72qDF",
2076217 
],
[
"5CcNtoPyJ67CQqTJHdbKGKnbrFVa7smvrSR4KH4MwA9bT5jg",
48375.61221068463 
],
[
"5DUmpAQ9gyH3L23rFEVERVp8xWbN78rFqdp12uh3XQu7czBV",
6000 
],
[
"5HKKscCnvF1UN93ARF44prWXuctGWSv4WjEMWJus2dVWuMyA",
306189.74997556594 
],
[
"5DAY87fom7ntPMF4Y1CdDmvm1Eh4H9cEt463vL7wygVYvMjw",
53156.99999746505 
],
[
"5Fuge75B6LyMnitYMu8Mq1fCaTmCKeHrsXMWdyCSK4dWEFgs",
100000 
],
[
"5GKHsHpiR1kEYMm6bQJWpN9GgtrtoiKsdWexdF6iyQBmeY2b",
51047.79586614382 
],
[
"5G6vENgq4zUmanpzC22SfvZRaPx4Z1F7h6ngy5Sx7erafbZy",
105000 
],
[
"5GeEbd3XEHgsCPwWyA9Y86yZhUnbCXN9X9KthEkJMQMa23Nn",
1401.9999994998686 
],
[
"5EFe8q5p39jtwdFATtkgTDKvUja4pibN5HxvDUUF6gy9w32x",
5000 
],
[
"5GVuCuCpe2SCfXsXB5rFwKxGStU8ntgNDDr9eGsP95C5oPDT",
1114.9999990467081 
],
[
"5Cz6wJMPjHWdGy59CMEwUB8TsnTjxyNZa94bYLGG2EWr4Av5",
581524.4422377958 
],
[
"5FYv4L4R9tbZni5qWvDuuAfkQUNcabT61TUY8HCpPSmpNZhR",
455509.80766728666 
],
[
"5EZZBQBZpm5JXps8BKHi3FiWUzrSJoWkQLJd7pukGRPG3LwD",
10433.0318997312 
],
[
"5DWx1hC5UFpKo7hHUYc6TmdWbiBywaz9xYe5Dpr5VTxNcKj4",
3174.999995353354 
],
[
"5H6toF52v3HmXcPCdyJTChx8XTnzBaR4f2GV4Kn1xo56Ebye",
94520.04299982887 
],
[
"5FA1wYGSgBYvD3xm8YQycBptKVnLxoKbuLVJ4zPo9Axvk6y3",
5000 
],
[
"5E7Nwt9mzsvCVrPtJQWk876wEtr6JKkdyyW9SYch3w4K5QU5",
60483.50979927655 
],
[
"5CP8H8fRmCJyrnuhHczC1qp1FJcXVSQMTr628JtjsEgD3F62",
1633571.9999999998 
],
[
"5CodRRVmKvxbujNub59Ljp3dWKhvKbqk8C6mpT63vrT11o8Y",
5000 
],
[
"5EkKMrbNfvGxngkgZroor7KC4Lzv6x8ko8EZrpGC4EpoywDV",
220278.6959 
],
[
"5HpqkHMVhmnHtkKZkL35pU8sYdq7LPJCi96xJWVX8nHRfmXZ",
5000 
],
[
"5E7PdTihBD2q2auoVpCMfzufgJS1vf1W2E6n39RKSJeBG5VC",
1000826.4000298564 
],
[
"5GVjFWR7Wc2qCBr6TJBtcbbjPCFueh7vbezfmtfJMH9Mpe8x",
1755061 
],
[
"5FvX6EDv7ndjSrj5b4hDUES9uNnowYachvmtNfnN7hDuVcc8",
5000 
],
[
"5Eh6X6omDMXHJ9uP9JNCsLdMp4puQufLBH7xYewEsThQs3EW",
999881.8999994526 
],
[
"5CFTYmjtRX6a2b7NNqLj1Dc45QFFt1cF8iH3ZTCejWcRvv4N",
422084.18764749647 
],
[
"5Hb4habVDxCmZrX8s2iLxYo6XutWdioN7bcHnwifoQPCyp4L",
5000 
],
[
"5Cwou6QAkmR84Ujis1uyNQuCEywJnfxJCK7cfySJhasL8ciB",
695353.9999999999 
],
[
"5F4gbnHYjqorgtxd7UiMwM1P4Rfd6KW9seyi2KyJZz538RJe",
5000 
],
[
"5FFG2d2WnT67Y5828JGpygPEmFXStC1bmnWwxJxo7Ep4U6qi",
1031141.5344189656 
],
[
"5GWKfzM83zpbAnDzafGfzKHm2XntfKzjFPMHS4Rwh38AGVnF",
48656.67313057822 
],
[
"5CFMiwa1i2byPLUFLDW4gQmW5j9r6SAFQqBCn7cHeZifNicu",
219518 
],
[
"5D263UEZ4WU9vtpFzAQJEhmWQdx4N1W7HNejJPYZ8EtCHqYX",
24131000 
],
[
"5EhVpPbmAt7G6wetXYWkRsKFyhtXeKLc1QXbHt7tnHBxHNVC",
8994.721140189577 
],
[
"5F3qd7RTrBtZw8fUre724xdQQV1pqWgDQKxyz2KdDfYjNr7y",
212020.04575749784 
],
[
"5DhJcdwVPrBBKLZTNbpjCWcYVKLTyD5g8bARi8SPoRhHBnqz",
896497.2729999999 
],
[
"5G9z8Ttoo7892VqBHiSWCbnd2aEdH8noJLqZ4HFMzMVNhvgP",
2655000.0000000005 
],
[
"5Gn5vcTZb484oGHbn3DoPEFiFPdnZ1c9Xe1nnpsD43p5AUti",
387966.53507329855 
],
[
"5HW6jT7dxT2TYry8Tucq5poWwkxKmZeFSwTGrrNRP97wHJq8",
400000 
],
[
"5HZ67t6nkysDSo6LBE2Z1uLMuuYWshxA1kFbWnV5TcMS5tKs",
5000 
],
[
"5EUAUG43YV19NkaCsec7mTBpDwKJmodQuhq2na76ZDwgurkM",
52952.99999785342 
],
[
"5F42z5YyMjLMU8k1BunmbHHtzBHy5YMUAu8RaDEMzjW42D76",
574503.9999998615 
],
[
"5H8f5eAW1MGAw3FrRJ4WibeywRNUtGzQxxUnzmwnwr4iMRbV",
130356.89999986147 
],
[
"5F6UTXxDKmSPwJLku1iXUYfQ9ZuYtk42vRNbE42QqMp84iJw",
3690689 
],
[
"5FRD7cY3mhUtwRUuigG5DphEmZz2bjFRXYLxE43LctbcxGs9",
2968316.899999535 
],
[
"5G4hCetxmchGLpLKaL5a2dXuxwkmzcg8xEhVRgBo3HwGSUMc",
16079.566690324913 
],
[
"5G1DHmsjD8ooRCvH3iTWtzM5TzfSatuqu2zcYeVHSUTyaVki",
5000 
],
[
"5CUYHgo6XYJGdVA6zhzGBDTF8XUtmS4cAT9tCELpMZPuhgFQ",
1014.799884980919 
],
[
"5F1p5tcXqWXMKJBXZ9YdEfREcSLrXhpkYfwv2FYPkEeEeCEy",
8899031.997989975 
],
[
"5C5Ntc6T84t6gbBdibJQC4wVe9q2vseMZN9AhUnSDNMBnCEY",
100000 
],
[
"5E2i5Wq9s5PkZ4inHgeC7BEeatxXpd9qYQJrss6PXqhgTbPk",
2329.5133736539055 
],
[
"5FeFZHcLWPFpYxw8h1P5zhXriMX1sHwEbjCSvm2QhKqgkFgE",
493970.32790000003 
],
[
"5G9SE5UDXSPHoajLt3gEqDpZeQt16dhShwhZyLqK89jG3KEi",
99441.12533791452 
],
[
"5FeYcdnF9ogT31G35maX1tJ7GQSQdGGsY2VHq4cSLVHGBCVU",
1172.140689760962 
],
[
"5E4jTqtf4KLdmYpuFCAHxbiVni9QGg7sbVwxknHypZfYi1Ht",
5000 
],
[
"5FBmiBBkbT2e84kbF3VFeQ5aCRFUvZe4DBznkQjHFTNNEtcu",
2504000 
],
[
"5EWy2VM1uKuiJYgzPo7944pEbRD847fxk8Br3xHkwec7mbeg",
44888.920361602235 
],
[
"5CFCWjU2dNm8n1WE9r7cZnnWGGiCuSFxR9Q73zYqVZjb25JA",
5000 
],
[
"5F6aXpfQA9T8x88nq3X9Pmhf2ykcZKMmwjYQgYwMeY1pfw8e",
1701.4266332215761 
],
[
"5Di87LmwyHKjsD8cssjsV67Fg4zdHNMRx9GzpPafMDtxGVTz",
220364.38535081423 
],
[
"5GNhRwW9kPum4bsLmf9TuTUesZBArj698CRyFT5sLFRQAW27",
10000 
],
[
"5EnPwoebPfwzjGDnDgFury8mrNfQ6ePPXf4qcuUPvpg9oi2T",
5000 
],
[
"5E25z54JnKfcBkcAMMxK1XoxDf7me97QW4h9wqdEKZKLmtZH",
684636.4309 
],
[
"5HWSELptLiWxsPcB1iUiBuuHveXF3mFHtw2UjPjp8bzcyAbC",
5003767.441919004 
],
[
"5HmJMDEDXGMU8LjibMkS1X9dQSPYwc4cZQfMGmQCW2HiUZum",
90500 
],
[
"5CRom6tjAX685Rbi9GVN9Q1E1YYhrYTiSc9ighRvwdp2z6tr",
384152.4125259405 
],
[
"5H5x4YTxxn4wscM4qP7LuzHuwarWooiHZphY52BXyY6nRbS6",
5000 
],
[
"5CZxkWeqtTbdgRg3ox6GvgfTjYQtoRm4JozPANeNHDke1d3u",
17303.999998393185 
],
[
"5FFQKvmd1en9JAAmfSAGKiHtXpNLWuBQhGWouBFBfVghSMig",
5359100 
],
[
"5CviV3Z22ZvFJkMFFyAiVrHBeNFD5QPt9ytWX5LvXnt6sDUw",
324999.00000000006 
],
[
"5FKtF8t3mrTT47W1rfqChXCZt2wWCPBDXx685hgzcjXYQ5TW",
51211.199868812386 
],
[
"5CFgZU8ouozG74XxHX7gLhhgD9CytYjrCv8dyPTA9mdZ9pcn",
5000 
],
[
"5GWhtBu1whxpTQGjkm43rnVxSJuAYxcVkcdnjHmDoopipc82",
918111.9015 
],
[
"5HQyguCpyZrDR7rvJga2tcMr6iDdD7jC9SVAZDtumuwzTTm3",
2000 
],
[
"5HgUjbdqSiFPXEtbnBgUTh3Mp8Scq6JAmMxGz9FrFwHPwS9f",
7000000 
],
[
"5G4ARxqjdoS6L9iLMaW9HvqaQrKMgh43YirntU1CGdbMsJnh",
1990000 
],
[
"5Hn24Qho4BXnqhBSCBnmgaUD3f3fDTMQtnr3GCRLvM5137NX",
3360713.1852544346 
],
[
"5GKieV13a45nt78SBHDnPuz8BY2uESXosoxWowKikegBWaMQ",
100000 
],
[
"5EhkbfMNFt2hgpA85gGmmbGRgreboPv43GsEqZQWYqY3uzK1",
290000 
],
[
"5CiRqHRPHguey3me53Q6QqcaerTqz2yb7Xf1fWZDqb8YPY7f",
6922091.1725 
],
[
"5FLA9fvmaUuC9RQZkGv6DqgacGCUvMqev3cq1g6tKfVnQS3c",
34571 
],
[
"5E9gCYzv6T6Si8rpTqpjEC4V2vDhpL5VArn8v6K6pAxavTHP",
2123 
],
[
"5F1V21WLZt8T6ugdWJvb9Pe8UC4c77RbfBU6CGHo15PquH3r",
30633633.35471512 
],
