[
"5Ea3NRpv32BaKrDsbfHLDn38WDuXbZRW4vw42Rz9C7AQx6Ht",
4.666548e+21 
],
[
"5CVcmMekwHZHPKuhoZZW2BM5wiwW2VRYbjgKTMa7XqHQwpNG",
8.7200915497e+21 
],
[
"5Gsdxq8H5ppHvMfjyXzMuBA9xUX3MuV8uuJDrfUs1eMgRcpJ",
11038344521698103000 
],
[
"5G9emo4GcmmeyNByVnwkh8j3JUd9mqu1ejH1hN78fJYir5rT",
11411909948303102000 
],
[
"5CRowtmLqGtpuCtndYQL6kqcKXvaUGoJmPbvYjwErzhiz7Vo",
5000000000000000000 
],
[
"5ESAqBnxNa6iPDvLaTbhtq7KUck4xUsRNJvqEKWR8a99TjqB",
344882867800000000000 
],
[
"5D9rSaunuZFQkM4pqLf3b7kr8yz7uub5hywC6dVmzTWGy4mA",
5000000000000000000 
],
[
"5F1FYYnzKti8wPc6abkz9esvh86BXWp3g4P3Xxi7krQwfNVN",
14778000000000000000 
],
[
"5GGvgkmkx4njeqDu8x6Kvf5Mdf3dMh8DKDkdvsPZfzauXMXW",
85440998966456200000 
],
[
"5GcApVMiZGG5gomB8x5KbxvvDZHtB2isiLsEGP4FT7aWRhV9",
3.5906124728899308e+22 
],
[
"5GYgoQCLdjsrKace1VjrYGi8EKb6Wz8AFHMkGvA2ikE4CUL6",
5.3444447642e+21 
],
[
"5FsMuvaiHh92VNuA4CftMGNkoNJySpVcqxYd4jjaV8MR3qAy",
185774777539303700000 
],
[
"5HisAfbNnue7uS8wqKon6E9PyVjMcGLUMLQL6DC2U7DsAkBD",
2607927823308913700 
],
[
"5CQB93Lh7Px49yDmEKvLEKB8HSX7nXXHAQ78nkcJmyySQvoS",
15000000000000000000 
],
[
"5Cg5s9YahnRVPzoS17ELcFX9bn2CRrf3rNJVRdqpwww6HEhx",
1.6669395999994452e+21 
],
[
"5ESHHqjPH8xJ2FvHRi6vdtLh34LAM5fRePca1sziuDYGXByq",
499520203400000000000 
],
[
"5F9mdNvw2hmPrHGA1vbEVzUMsoWmvssgxeJpEqDgAvsAfshK",
1850999999742270000 
],
[
"5HbB4TNJg2aKwXwdeihAUQNMqRUoLyCcK8v4i3ZucPCAFksH",
1.148893e+21 
],
[
"5E4gSVnNjrDBWS56N9ZRnDVXcQKZtzv9zkEYaS5YTGokFnvc",
44164952751960244000 
],
[
"5HSnyUa115WWmhuQwfrGihUfiCiL5XoiXAC2JkhgnjE9sA2R",
5000000000000000000 
],
[
"5GC7YPGL42Yr6LNWorE4EgrFCyn5a6HgvU76b7RGUzQ1ViTr",
1993074487916912400 
],
[
"5G1E12Uh8iEYXDdoj8YyMX3Pj8H7Eq1GeN5WFYtdYyoQywKj",
2.036026e+21 
],
[
"5HQLz3CMHUyZEQvQk6GwBJDFXmPU5PuqSsTXiqAvsJCwAuGP",
622256000000000000000 
],
[
"5FWU27P32jh8NXCK6VPB9uBfRRftnaYwryuVgGC1BqJMvsqM",
5000000000000000000 
],
[
"5GP3jhxkLPv5PfEz3qRDHAFgiYZySnRz1AzQX3auLv9EfdD4",
6.950036106841674e+21 
],
[
"5HEAJxNH7jc5FSEq2GGc7FhKidNTrEYcE1Nf1hVkzRjHAH6V",
127959000000000000000 
],
[
"5FWNqkiZQnHqMzyFKWPePsFCAVk3BMkG43dCdVPdVyhYmHRc",
5000000000000000000 
],
[
"5HTp876v5WZf1wiA6fniAc1UjZmSghKeuyfE6sXAMn56Kqsc",
142701390200000000000 
],
[
"5GsdH7VTYMjT7Ygfwh6smGJvb5nwgmE9BSiHaqq98ohuZ7yT",
62424999994958400000 
],
[
"5HGkaq86QRSzykUq7PCn8F1J9QJb7RJ1DF3iED1zkXQjDP1z",
5000000000000000000 
],
[
"5CUXy15nx7kpFZDmASmp4UiSMCHzSmW6XVPAQ2sPWp5dTCJC",
1.000651200085534e+21 
],
[
"5G6PtBs6mWiwrPF7QAxfSqoohwGBUWx1Na4EdQYFCBYX8oDV",
1000000000000000000 
],
[
"5CXXmWKt8inFeWQZjCyYFVdFYzzMcZSNJ9JgVcefUihBJvUr",
2175199997336939800 
],
[
"5CXoGjFuJ1p4awpXrySuXL3QLYsj1uz1HMSNkvqfuCp6haX9",
1.6033435565787286e+22 
],
[
"5FNE1NohGzPthzHxS7bo5JkBtKCDazhfeUh3Bf2yjVK2pAsq",
5000000000000000000 
],
[
"5EZk5RTHwBZJRRKHdmwsjj7uK5YvJwWVyngjmyapCrRoTxeV",
100000000000000000000 
],
[
"5EckpzfAZ3823d9AJVwA7fgvERzbntpr2BXSFE9JbPsu5NeA",
19591999999092630000 
],
[
"5FgxLmNq8V6E3DBzo6MRab1vkRYEB2WhAgtNoeEjnSPXiXXC",
156441058099860640000 
],
[
"5Hgb7t4WBgkWeSeAnKFKggFMyfXWoktKNTr4e2tvGgCHWEw8",
1.0281656381813719e+22 
],
[
"5CSANav4rfHPukrusL77F8fasPnDPMNWiJxvrN4vZ9FpJd9H",
5000000000000000000 
],
[
"5D1raHw9g4U1bxvtAJPm3LJu1QkyKsBXAoq87cjTKUQQJCbB",
99457675372078270000 
],
[
"5Gp9rwxuCCpfde88C6NoKyZcoAKhJZmLouhqwU8nVcjGSTut",
1077940039342574600 
],
[
"5E9hM66t8gfSecbD2jmQUnxvbXh7PBTuWJs8ZmaWE3xLtm31",
1003463798607249200 
],
[
"5E9h6sJZgSRMXvyui4TwFmb3N3ckoTGBFMvTXH1TaKu74jCW",
78151161500000000000 
],
[
"5FgeHDAJESH4PQfzNSKJ88yncv8CpsVk6QV6o96FGr74cais",
47047997978275865000 
],
[
"5D5Szr6hMz3Wz9d1f8ha1Rpca74guvwf6wYoSvuRErbopJPc",
226384999999860640000 
],
[
"5Dd9qzkteTMQkDRFfhZgWUMswpdj88j6LmNwNPtrCLsa88kV",
355075885200000000000 
],
[
"5EX9z24zcvm6BXVqCNSP7fBmQWuoNLSd3JV2zCgGCiDC64iN",
15000000000000000000 
],
[
"5CcfgeH7wc6w3LyQqQ2N9JD4fRUUSWHU4VSZ4twyDuJFXdBA",
13300000000000000000 
],
[
"5EZiXVMq7DTNHUqzeA4MXZ8uyrWrwZYmPThzzJYpXoT6oVe5",
2.3e+21 
],
[
"5D7eHPRcrTw4o4XRdob5DWL5FkoL9d9jw9eZWmq2VhvMTJ1E",
1.4649095084293025e+21 
],
[
"5CSUjwAPgEDr4tNADcVKAB8bAQeAQW85Tt5mcxq5MCoqBfxH",
2.2118320492370594e+21 
],
[
"5F9St178VxrTN2bksYUE5jvLuDSzRx4dXUVNH5iUPfTJXrFw",
227480000000000000000 
],
[
"5CyZ6JQTGEcQWBJ3dQzd4NpEa318sCZanvedpsMghpSmjQQs",
266361416710254200000 
],
[
"5FBtWt8RPxvzQ1gz5GbvxX4w8eTqDnTZ2PG96AE5BTKxzQrf",
91574012400000000000 
],
[
"5C5ajhGmLP9VvYwwvQzJAnQPP4b2LscKMcBVHowPkPZTNCXv",
140010000000000000000 
],
[
"5GbXYo6XmdYRc5NT9Atewpu7Ff52wYsGd9UPV5B2C4i6guE9",
100842446300000000000 
],
[
"5Da6xYfn4HEopFkNpxTiFBhqtpYb4ZF7tGUzb2c5LxjF75Hw",
5000000000000000000 
],
[
"5CACj3g9SATGjBbSCCXLEQSUKWeiodVWARUPoKpu2XBRfqb1",
119764389233068360000 
],
[
"5F7RKWLXYMPvDi7Z5vW75QUHKnN4D4DY9RzFhgzfMeVNEswE",
190671800649850600000 
],
[
"5HNQA8EZYHGgNNm5pCSsMyR9DBoYQUSiyVswu9ZArcyutxM9",
23630278400000000000 
],
[
"5DtS3eUn6qyLyrxpzLxW6kuGsH5gVzGK45pJ3XYUq1Sxj23t",
1.005e+21 
],
[
"5EyFvYMr6bAhSPdX6ASfP6hq2DiwNxu6yxes5SHe3tKYRdWu",
68963624400000000000 
],
[
"5FUD5er2FRWN5bC3Uv2vATvwEzo1zFbeT9xP3gCAJEB2eftT",
193049263784118120000 
],
[
"5Fy1wgypnpqdWXUDyp3Ly23ZJZ31fuJ2AdrokQo2X9hsm8DG",
1.0362958439e+21 
],
[
"5ChUxJJgBhyrKYBgva1CMAxVxoVpmE5RgzLsyqENFF6LV4xi",
130185512400000000000 
],
[
"5DbzQ3mzAsTXifwLtH1sJAFB41UfSPdzRkggVg5gn8RdoYDC",
5000000000000000000 
],
[
"5FWMDgAn83ZzHTNCPLcA8z6GtUPNTCoDVdcFP2w5LwqxLSir",
1050000000000000000 
],
[
"5FnvASGctJK2tSs8NQS3v27CSGjNa2Q3ME8aqNi8ZK4Gy5TJ",
1099197099304676500 
],
[
"5HMoRrZWBHxcicjgVHCV6fUrefc8maGHos3WcTb2gLCCG8B7",
5962616999708263000 
],
[
"5GVwoDPhkLGMtVsRVKXU68eWtEvmz5yUsQ9u7CEYUPCMyBuo",
3342999997425118000 
],
[
"5HbaUpTHkTfsoaWhUmwZEc52ZnvKxxUnYUxXHZDjP4ongtkZ",
5000000000000000000 
],
[
"5H9SdXhvFVm97yN4eJEgizpjNDacxG6bH6Ybk3NTwUCeEPQB",
54483800628334110000 
],
[
"5DLSeaANtMbDT3es8dJNmYpZ9jUWkq11XaeboERcf2r1AfSq",
278841000000000000000 
],
[
"5HeBTtt7AfSAR5BbehNyW1NmA5zf3mnvsEcx5DGFsR1eNWso",
642440413381388700000 
],
[
"5D4i82FepStoWu85MDCkaJU8jXpMGRgHZtmytmFsfzexXvYc",
72804875587529376000 
],
[
"5CMAJSbuZJGPvJWHcfafP9hhFMSitkNck58zh9Sn7wVtjPuW",
5000000000000000000 
],
[
"5DA8Rshfa8PziZT1gMnpUwxWKZRShchKSymbCN2KZWNvRCHn",
1.4235490285e+21 
],
[
"5E4BxU4XBSEpiJH13PuZLmTpxmMVASa8kRo757Y3DcL2ktaQ",
2827407097451467300 
],
[
"5FWm4gXzrZD5VVSQAW9c3PAWHTqX1z33jW1hsidy96WXXuLm",
1.946346530003245e+22 
],
[
"5DtYYHJ5vRpJFonde1CqTp8xGfzU1cnLWVPXtgxPo3PQPykX",
5000000000000000000 
],
[
"5DCyQQid2zNGzijnut1VFafGtJoCkCND15PFyCvUMbzp6X3e",
4929799995685503000 
],
[
"5CLoothEaM1NgQ916MaF8wNL8JP4C5AiuYDDtTXLNtBob8Py",
5000000000000000000 
],
[
"5GzmLGswgCUyJoWpZu67mfvfZQdRp7G4CMUhTCjwezLsuSyz",
5000000000000000000 
],
[
"5F1CneUQF1ht1XtEQwK9e8dVi6x1d7EBd1LctrGBbqBMoXXZ",
400175486600000000000 
],
[
"5DjnDTag61WAS6ZFy2gyNhG121qdXCDUaSX6S8iZgogfRzmg",
1.449992e+21 
],
[
"5H6pHTdmRKa78Qzweuxupn1HLoWCqv74TdWqedYT6C1cdLGX",
1.3146492255e+21 
],
[
"5H8jFxV12G8C5af6ddVEfnpjTuv7xKp5dTkwWxQTRHLjWivK",
68721616500141540000 
],
[
"5HSsSxtBm8KX3RjtcD9zMkHgfXzACuv2wfiKwNw1y95GDNEy",
1270899997391394000 
],
[
"5EsiQHSP82d1yQds6Y2GVJcis1H1otcbbJayUXgzGwQ3mVjB",
5000000000000000000 
],
[
"5CoYu9weZk4oRv1DqbyPw1cuEZxg5EsCYh3dpY5umv2QuhkJ",
142073665300000000000 
],
[
"5DtJRn9Cm3cuY8RfWMkPzocgDn2s6VcRpaL7hcLmpfXrXS13",
20000000000000000000 
],
[
"5GRFvw2wkMSbvCsrPwuJUzcnTm7rLHqyw2cDXWoUKK4oG9Ma",
230973953578413420000 
],
[
"5DRenUq1mKverXRNENaJN55Rx4i3kZDiJVJtgLuF7ag4C2AB",
18566486528204562000 
],
[
"5DymCBTAYkCt3Cpof7NhQ91TuKMyTa4Y38LVeEW1tPacfckv",
57037122509347660000 
],
[
"5G1nw6c37sb9CuYnES64KPg4zWtTqypHQiYy2A1BJBEnby3U",
5000000000000000000 
],
[
"5FswJ46QsAjwru4xLwYfLgzP9SMHRHvrpL5cVkVUYctZUC3p",
6.060610442492094e+21 
],
[
"5G3nhmodTieDkZ7qbyUcQETyfFskFgwXYvxvpjm9hojjpWeP",
18591999999092370000 
],
[
"5CAaVwefqpVifK1LpQjs8Bo4SKS6Wb6TTzxcVg6CDzejM8Rg",
240200000000000000000 
],
[
"5D7VUUSFyGJBHQ7tGxVvq2WUKuh4UKgR7Mw3wuiLRkhvyN54",
211751236665674760000 
],
[
"5HjiYAeF1MV2SUYgoEQQ3Lijh4iiwp257kpZFgUi6wq2of6h",
999663899998673200000 
],
[
"5DLqw7UcLKYgify9atGjrnv3iQWiUYnziCiXimZMcEw1J5R1",
2.6111795400019274e+22 
],
[
"5HnF4EbSZZUo9kSmHKJ2CmDqZti6xRRgm6ebEPWsbW2WQzMt",
2.0347453999959292e+21 
],
[
"5Eeb1vNeEeuVWnce51bWysJucxwsYbeVL6jCTyCDypYPvWhK",
2.366407903048843e+21 
],
[
"5HmvN5RDRakm4ZePK5Stw7hgZeRHP8y22brLRNZwhHMifSz9",
300000000000000000000 
],
[
"5DHnq6ddWC7kH9VuP8bbmm9GCngbyBccdUYXowTJjMo98rbP",
248489379700000000000 
],
[
"5G8j1nSx9YfsrT3eQm8mdktnyRNVhaXpuvFtVdoXtfP42tjE",
1.0207654989429468e+21 
],
[
"5G1r2Z8A5SJLpggQ5Dt8YqpwnkMVPuwi1q9rjs27FCDhuoW1",
10000000000000000000 
],
[
"5F7FRELzQSgs15HtrwavAJUE1pxksTKMBpjEvvC6ZTPeGQws",
10051203496086374000 
],
[
"5DeioXCWQjhsxdFaaUy8VJSCYFHsrhTCJ1Fp8HgyVown8Ab5",
233101225111600040000 
],
[
"5H464ojZQQARXnF8sHdDbF9uPeSfuZyox2obZKHzn6jHQnnQ",
5000000000000000000 
],
[
"5Fjzhz6jrUanSNTZTZeCg2sJjVjL6XKHj9dWWWZbBpadZr7r",
87300000000000000000 
],
[
"5H1dDXVF3VbuJ9HWzeZ6kyTNTA7oGQLGg3PHzKUNDP2yLBSQ",
132099997553477800 
],
[
"5GLW8pdsdq64ZupDiL8VStUGvMq5bpzGm5kEJwVP9kxcjoqy",
33052153587020740000 
],
[
"5DZWAEtNZwbTQ3Sgv6hhFSfvBbMvu7pHzirhEfdKQAwGCDfa",
2.3421500647e+21 
],
[
"5D4zqCfYcMf87S4gntAu7jNykkohqgxTkzZrH767ysbKwv3t",
181144254431865300000 
],
[
"5HYCZkQ56cXAeQMhbYb2gH9KSAZrSLUMrH9byWbk3yE1USmB",
2.0211211643e+21 
],
[
"5Cu3ZHVR4nXMuY4b2DoQ4KmNwyiWZdDzuqKPb1Wcv7m74bK9",
1061887045496572500 
],
[
"5FvicoCopHWwoQB7aBjwe9BZnGPiAwtWhxDFwmrgS2BfHPSU",
2000000000000000000 
],
[
"5GuYQGJTbtvMF1Ld2mars6F5RNiy5BcxKzcVKJSERtZWsAvX",
1.1682868498632193e+21 
],
[
"5ExYz49s81UrvjZD3WipAdRojbNKBhEvWW4dqyXexcBqyKbM",
69458577352863195000 
],
[
"5EcXUar1DooW6BzhHMSHBnx4YfoBV8riQqAELNazHNmhxiSG",
427057371500000000000 
],
[
"5HeCcyEP3k5yNDekr6Y3DYjoSKf8R7c9mFygGhNJ9Mbp1XHo",
1084843115585929200 
],
[
"5FsnpbPP616Pd6EFM8d4fyJC7qK3W4BHtKWe7DurXWdwwtQd",
39107004537560195000 
],
[
"5ExgyegAFWyqMBwQfyssQZSsteCtwmcakdKjtCvGXKTT5T9s",
227446921500000000000 
],
[
"5HdhhDURSmv9mZfxEYxXJPJiQ7CjSfNAiZn48Sms29ajv8BX",
48394974588609890000 
],
[
"5ExaNdVRj8nHHPPFC6b64UUtBimR3bbqbADZ3KjMwm8DKJXh",
366575445129263200000 
],
[
"5EcFsDzrw7XcmYqvdf9LZwQ8XzT3oMb7cs73RAUTiRNVE7Cb",
10000000000000000000 
],
[
"5FYtojJwxf1WCCiG8QP3QogYVLieqehyycULxK5tm21nGdnr",
20000000000000000000 
],
[
"5HRPufwiRqycC2zUDc4A3KrgyykSwpBReNSnuiTZpxiGSWBW",
5000000000000000000 
],
[
"5GBY6CQ2acv3fMw5QF3hbKnePUa526Q5pUucrfWrRpuvg7yg",
2.9667e+21 
],
[
"5GjPEmVjpTUntAuXFNVVbRFo46ekAXZLe7gJJw3pqeE8TFjT",
5000000000000000000 
],
[
"5FRTbopmvyQ2VPVWq46QjvWqWmHVpDHUKvZsgYe7dwgfZSiC",
2.70845119217e+22 
],
[
"5FNmkE5pVgNYD8bhQQHYdTsDTcjQfLcjvJDwpKtLu3VXzfdA",
200000000000000000000 
],
[
"5CFKCsuDGK3KqwtwaMWfoByAU6CJbTjYnyztvo3AnXBfpdA5",
56851761061131600000 
],
[
"5EvVh8ieLDkmW51g5X1Bk4qtHQGeGWZ8ZGb33uxP7zQzdmPx",
5000000000000000000 
],
[
"5HWbPfZCPvueUobQvGwNTY9dLBy4Nvrq5zpvcLECpf1DR2jn",
13705999995801565000 
],
[
"5GNRhFjPZR7GnZdRtabK92ptFVF1tkyXguzTQEQvBHJfb1tP",
5000000000000000000 
],
[
"5DALWzAs6vsmLSaKLjtrbWr5JcLoBYa27dkWWy9uWdxuAF4c",
3.0542319802787535e+21 
],
[
"5CoHwREfWCv14Zo5Vn1bVx3TcWyWDTDqdREp4k624Txi4teu",
27299768922397372000 
],
[
"5FpexKLF8YVMzonzaJQ2ii7nUrNZfNQA5ogeBVz5gdhF19ex",
9038999761677631000 
],
[
"5CPN81WKFwRsiSe9RWFARMLQQg7yK1uVet9jx5iabTvS4Jew",
483096601757072500000 
],
[
"5E7uqDD2Voy2tUMdRUPz3B9UMDPx8bQNHSKJoqyc5RCfFjHs",
12123000000000000000 
],
[
"5GgGQbUvBouTyQikss76NddZGyMcCYgVNXTtArZrbs2Ewo3d",
21491651098122445000 
],
[
"5H9SxgqjRaAPUxbehszB8kkcvT19mxck68DaUMQFBgstfuAG",
1065247067001661600 
],
[
"5HmEQdE4BJcv6MPJqZGjXaFHASsaWXhpKAHiWoe1mw8F88EE",
454325338723576840000 
],
[
"5DvzHecgcuPgqwup3HnUfPfDHwEuejtL32F5vSehMDzKdmUR",
2076405299807998000 
],
[
"5GE7LUAphHqYo5r2teM3heeGyrVwksH5rBojCubZVkZjRpVR",
22334767242867663000 
],
[
"5FQsiVX87JZVmJZh6pLK8cFohhbqnV77QK7gUbacrunM13VN",
12270684852736209000 
],
[
"5EnZpq6KfJNSzZ7HkTPP37T5QKM7NDcXy5iaSWo1U1rxgb62",
306301981439779900000 
],
[
"5GRE9a6BP93qevGMiNXmnAa7VJv3dg8GXWdqDrpwQ5HvMZHV",
2.0902e+21 
],
[
"5Hok5xrNvkG8jzFn3gn9ELsW2HZ9gBnTcGTVAHTruswqdgWm",
6.289792e+21 
],
[
"5HVQWRLJp9PHvCRYzShkNBiHroU3TpZeLmeH58Z6ZU3nvexz",
5000000000000000000 
],
[
"5F43qufszKHswwmMH4iKgXLP37F2TtisWj6WAyqP3oMV78JF",
2.5321444264e+21 
],
[
"5FZbmPJPEE3ovVnr4cV28T2a1qMRuLp72cjFCurvtXn4bXaL",
20000000000000000000 
],
[
"5DFPqT4PjLUokyKRjBEgWtM7vikSZcQyGT693nZpMc7HYZmg",
412293707500000000000 
],
[
"5G4fc9GN6DeFQm4h2HKq3d9hBTsBJWSLWkyuk35cKHh2sqEz",
200000000000000000000 
],
[
"5FUKdX82YuPXxHScCU6DTpvp5camt5UKSxYCXK7qwEt1fkR3",
4.048256191699765e+21 
],
[
"5G4mw7iDwyDGE1irJxLiY3hkG5HxiHCVVcea5CBzXNQnYgLH",
2.6752448224530876e+21 
],
[
"5EYCAe5ijiYfyeZ2JJCGq56LmPyNRAKzpG4QkoQkkQNB5e6Z",
1.033833095315609e+21 
],
[
"5HMfiDhty2cJ25LTDE1Vbfw7AJj4QjJz3DAQZJPmrn5TN4PZ",
373613444307840600000 
],
[
"5GriPLyevRS1E4jgg5dQs1g9oFh238SPmMRwrbfVftbEaPs4",
263714000000000000000 
],
[
"5GpochGCzEW1iys5DA6SaXKiPZXQtob6yyLuFBrcggkdzkog",
6.795580643208662e+21 
],
[
"5DiQM1FMkx289RLQTqNK7HGrfksxjAbWXfgv1RJBqTXUB3PA",
91244689375684300000 
],
[
"5GENqidVCPEVMkwNcEnVmfRhk8p59LPBgt6ef5EHQwQYi3WX",
903380366900000000000 
],
[
"5FHgB66jHnUYrFVp2oepDCb6TLptnabb5sny2vgTd8rZ7xsm",
62024665773531270000 
],
[
"5DfhGyQdFobKM8NsWvEeAKk5EQQgYe9AydgJ7rMB6E1EqRzV",
32631845854188500 
],
[
"5HDx3mpjpdUsBXGEUpSHfKNTHDFd31CukZ7UxuQdatMPACcd",
5000000000000000000 
],
[
"5HmsuBE5W5oEKGE3B65SFdHFfmQx6ohpE3X3hYoFh9M2qF4m",
1.0162550993597691e+21 
],
[
"5HieJp12ikygoLg9wnn6a3zQGZmbVwTdiE364EmZbNsKPem8",
334690017577126850000 
],
[
"5G1AHM8scMbipGi83L5GdkBfKbthHMUB9q83pPSHENzDEDQQ",
4.48e+21 
],
[
"5C5G1mPwWKfnkVVjUckfhX4Di7eJ74NBCDbWtvgWbwaq1QZ4",
1.35890920855e+22 
],
[
"5G9VxGuR265V7G9XTo5uw7shqJ4vFzWYygi4nMrZh8uNmxbg",
4.4799228741e+21 
],
[
"5DyacRU1wt4fS1iyH2hnjqnqWx91Z6eLLGGjfq3w9zdwLB1S",
3.265727999999708e+21 
],
[
"5Gjp2va9YAQgpFfbmApoc3CHHn9ZSrQ9tuVRnF5q1Afx87AJ",
1.162549897e+21 
],
[
"5CZo5XBgzRZy5DTPkGPwbh3J5iKTDB7FkkCgyTcf36nWKGqg",
12000000000000000000 
],
[
"5GVzzj3FsuaYz7EhiZ7QhyXwb8ZhWuEXjv1JevVVXUp8e6LA",
67172516792672920000 
],
[
"5F6TmfQALf5CCVwGzojgLiuLm3qGuxbr8m1Ax3d4Wv4guNH9",
2083999998387434000 
],
[
"5D88Q2KB1ExxwJoBg4oCFvh7szqFF8wu1zq2D2iTqu18GDGp",
2806299999232047000 
],
[
"5DqcM4FdwoUCnGLubyyUVQR5vUELjrjKhi7HsfdEUc5daGHs",
53531999998277170000 
],
[
"5DoMxpYEsMJqq1KEvNMqAZXaLmyJ3KXUb4CpeThEMEqQoUx3",
160255329756564260000 
],
[
"5Fs7emPxa1sM6mjkjRVy1yqxEvfu9LnvnnJjSUn25YPCDMaj",
158255000000000000000 
],
[
"5CXH9TZuqqCKgBMBNqG8djWQu9VYAEAThNAccDugUqqaXDfT",
13070999999308118000 
],
[
"5FWp3b6d7L2Su55A6egjQzepw9Y1GJ8NW2u1MZiDmNeTybLb",
83124956301757890000 
],
[
"5F4htRgeF8C3bYLVZ5a61mpRr2kTGfryzjpe6Rj7AVX3xNo7",
4501299164763647000 
],
[
"5FrzC44SxRv1zx5WwBGPG7DKQWZ9khizvEXoP2R1HqEKCDEM",
5000000000000000000 
],
[
"5Da2WmZym1AmnrR6Lh13VY1BfiSMk2iy85N6TTsZCijGb5M8",
1.492e+21 
],
[
"5G1uEHYFPvvoNvYMJDpEHT6ZMVdu2G5x4wMfx5Foj4EQC16c",
200000000000000000000 
],
[
"5C81u1toF6wh5ZkPfsPWRq3ZdHdcPv1dxoxmbDSUgXJvvsY2",
8.7917088194e+21 
],
[
"5F6V5UfDGvTwfVZQKDpZNnvYTHqToFEaamdSnz875auNCkMQ",
7338099998333995000 
],
[
"5GLVakzWGwrZwCkMJt9T3Pm1QeAjZ7yc7o6M7St3RVSrmjPT",
3.20584476751e+22 
],
[
"5GWc8hL5ruPfrrkZSrKHEHc7VYwMYdrpDszXZvYZHMntLDCE",
3025999991641179600 
],
[
"5DCZRgabbLuQaMTRPE6EbBEqZG3wy8kr5pXXJtnm9rTUzF9x",
203773940194456080000 
],
[
"5Giz4YUBnYxa8SNvHKp33CoWnBdy4S5nk3VA1m3pxDKZfsSG",
744680519754132800000 
],
[
"5EsYXw43N41Ze1xEKG3AhdwRXZyke6PYqUFKNdn2ogSC2obT",
3.2412175945e+21 
],
[
"5F9oXFyyfnVg4rodCgeREDz2ToTTthQiHXTTraik3z1jmMTH",
8098840632132837000 
],
[
"5Entb91EHp65BEjs2i9cBSZiTpt794HafznHs4dvTY3DRBMx",
5000000000000000000 
],
[
"5CPyn5s3wMLZ4iZtL25Ah1KXqJodKgEsEM2g6P7rtjLbWwSy",
125669511864921590000 
],
[
"5DJdkuSeyFE2ADkFMtixrN1Evc3Z3fZd4eoeb4FNhirysN83",
5.24361160709259e+21 
],
[
"5HQe6MKZASaCU7mqn7UGkRvwdka4xYrRRy5e198hkYubMNe9",
1084699996716504800 
],
[
"5H8pnc98HwWX3KYKUVmsNvPDSrsRZCAqxNrgPqbwArHJVYFK",
2.8620571454e+22 
],
[
"5GgVUeLwYTeVqsoeeiSThyvMDB6n9Tcc5D3WRJoJa8xrCeLY",
4.831e+22 
],
[
"5Dk1aYCsZYvq75YSVpWqyFxjXCDhYL6tc8uMgz6qn5tVgGbb",
300109524900000000000 
],
[
"5FRby7VSroBpLJ1n8nABZactxPCmiH28iuB3oDNeQ8GvDtbP",
185000000000000000000 
],
[
"5EfG8G7qpnSCUG2fqosVqjVKmcdK1X5ZcFuYVmPJkWbfVkvF",
5000000000000000000 
],
[
"5Cw3mr34EjAiFasfyCXV8txatcHPX4YznEU7tkQ2m2bUayCL",
5000000000000000000 
],
[
"5GmZxnPekEFYjqm9Xd86RuKhDhEmKR824tVuqaam8WkwPw16",
48159183164274750000 
],
[
"5G21TbDXor1FUsoVaxxMwXKFtgFKyEfYToyQEM5PfFEx7ZtC",
330200000000000000000 
],
[
"5CFJjj6UYnepPrtBKkw7RMnSWy5vHyY5F9WbG5MEhXNQk5iU",
726239024398500200000 
],
[
"5EvEZZz4XgrReBjMKcBJEPxano8sszxUyDvmGR8VT33gBixK",
1318599999162598400 
],
[
"5CrNggc2mSKW4RusBxEUXaa3mamoDRmiRHbZpE4M4XHws3TX",
2000000000000000000 
],
[
"5FcXpr5PwUhQJZcQJCSQLdTWQKwhL5quyNtk7q1hbjWzRVYK",
1.0699856292998615e+21 
],
[
"5E7tgYCFTDV2nRHUHgJ47DM9nZw8xH66M9aB4oUhokEdNmdB",
13972699999580922000 
],
[
"5EEzAcyNXoCwAkEeer22htwwN7ZeHPBzFHQYjDT1SQQvAkLQ",
222490990569983970000 
],
[
"5DRsLejJ8Z4aW1rrqd55W8wrHM2JP2QMj6M9H9Fc9b7hfVNx",
118702900000000000000 
],
[
"5FbiCn8Vd87ovRE5s2j8kE4TWyZ5PvGzpR8VZ9ca6Z3mtmvu",
127132098498367230000 
],
[
"5CwjPinzqcDryN4umuZVZEGKxQeigrh1yXA46on6zcQCtxxN",
5000000000000000000 
],
[
"5DLwA5rS5XJtMUSeLgsT3gxmYH9nwXvPRG4y4NK9kNbmtxiu",
5000000000000000000 
],
[
"5HKMTz4qZahzBp5nYjwwM9zbTMyK3RLT4hWPqTRuoEqgDL43",
7.7285920603e+21 
],
[
"5DyTo3nT1VB9hMw9HRTAGw6GDwftwVgcAW4qomgmjLoSgAbK",
10000000000000000000 
],
[
"5FW1vfw5CCpUBD8PBF2sAQR9SWT8bAt2SLHFNMvhUPssWnSJ",
61394753070462020000 
],
[
"5GKdcsZDWifSMeNsDa1GE3qytjE6rquZgdiaFtr4qDT3Vjcz",
253170762679322740000 
],
[
"5HEM4AZExSgdTmzhNrJgqLJXBHiNZbPaSRSV9G5fUVBrwwKs",
999881899999452600000 
],
[
"5Gxznv6Qm2MhxKhNTeCd5W3XVsZDY2ajpQj7C1DtY78hgDux",
45781325060315510000 
],
[
"5FYxNCYnELwzi1APadp99bqKLdd5zhRAmeX3wjMtkv9ZDbCG",
1.6588045299999926e+23 
],
[
"5FZrVVyEYuhK84pwMD616FcwHBMU6hoTM9hB7zhfUrossPcW",
1.7798693359e+21 
],
[
"5HRFXYzEofGifU9yqyufQDcNBz5gsx1k8Q2167LKwtHHgNA9",
1.0002658000008232e+21 
],
[
"5H6Mkyf3psXY2erBQ4RiuLzjYYNpS9VAcFjJNDXRof3CcDd3",
304358889497983000000 
],
[
"5EUixXy4BjK2DsRP9UcxCkUArZeWZwEqDCyY41Gu2C9A7vmB",
668874367500000000000 
],
[
"5CzKe7zofhNSYyQ1qNzMCTaJqStf4Yt6KiaZ3hn9qDrXQwXi",
24559229900000000000 
],
[
"5Hg1A6igTPS3t4nLoN4SRTjtjEWU8QThNnUEzzkHXUGnRAnK",
1124000000000000000 
],
[
"5HjR7J99mSTEQyQ4imStrSxoEyVbLZAaQvb17cn6i5LaSuQB",
489592676969044300000 
],
[
"5EeVAyaH5A6MgfTwCtu31MJkzp87Ak4mZAWFLjTYTNBB2DYk",
1.760925110028925e+21 
],
[
"5E1c6KnDsbzpY23daARMFByv45LBFM923udXU8w3NZArBbLJ",
3.355384576156822e+22 
],
[
"5FxisxSXtUSeRDTeK5AiUfo1nRjFcL1u7nHChJnofxwrewuk",
1291999994878370600 
],
[
"5DDTT2vFoLKv3hbS8wav6hGwF8MAWDZkk5wJJojieNAqNBBt",
82441623300000000000 
],
[
"5FLVXDkFs1nTCpRSgNkW5SvCxwjsAwY6K4qmdUbVnhrxtcur",
5.5913103669e+21 
],
[
"5F4Mftt6QSKEK1fcjJktmqqApTBro5RaC31f1mfJNSSNgPQt",
175451854341199700000 
],
[
"5DCGoLAcrxTGZWvuS2oB5iphecgM4XsHVJzeMSf2NhZ8njBz",
15000000000000000000 
],
[
"5Do18NouchQ9NHE3Un36ymp6egm4sDL196SHD8Wt2TC1SgwG",
999881899999437900000 
],
[
"5GETh3F4h6dAC4Aisfny7h2HHfuyASYQ3GBZMLSTYfaCMU8A",
11347475999721750000 
],
[
"5GvJKKPsQBzj5nkyT92PNJFLTQo3dkwMkeXJhCtVHLe75sWV",
1.689899e+21 
],
[
"5GP8WwucTMokfvp9VRB9TbyFXPACXL3kS9Qcoav3uY3dcvJY",
3.06933797894622e+21 
],
[
"5FpvrBo4Zb8DMiUb8Y4fwVUJQrSjVe2Y3gSq791FPcy8Xar1",
1.96167732757e+22 
],
[
"5DfJCcN2HU2nJirdQXhsnm9ercYaTGaAb7xNKcEeo6EmSBKm",
869956646100000000000 
],
[
"5FYoNKZSXgQWn9ccZkha3RURfhUNvYYSTqpSsfv6647a9Y96",
5000000000000000000 
],
[
"5CtqYbjwzT1pZAj1ZvFgipVgF1xyJBFf9bTHuFqaeWAyLRPg",
3488999997587725300 
],
[
"5HYmJbps4cWsLrAhVhiQCUrT79dCzAk4M4ukYbQSRibWwxrj",
4.11987809958456e+22 
],
[
"5HBBRGb2qEiQKsbhToNahBJMiBGzx634hAvnvaknib4crLR8",
121619323274248850000 
],
[
"5FEuTM7FrQff3hm6w4QRU3wk9gJaj74SSiwX42VxMMgj8wD4",
471863021900000000000 
],
[
"5Gy13PLgpArGs1FSuDbozdoHuQb1ATKUJGwWBvyQ318buTXa",
876612056790646100000 
],
[
"5CDnn12ZPqpRFYjDRQKqtKJbWkh1rgBLp7tWGcURdc9A7Vm1",
1.0070249292e+21 
],
[
"5CaXM942dyasBJvfTxKErVqBgruaApLnMTP1G9pcQyhCwMHh",
2.09688498465e+22 
],
[
"5Gk4uLLLo6pXGgB4UKEqRBWpRKWv5RyZQgV6huZA41nC9H9G",
638080028102341000000 
],
[
"5F1Kg51TTq1CMwxRU8Cu9UvHDGfP5MTawvfQkV8JSWjDLoW7",
5000000000000000000 
],
[
"5HowLNppg18oYPdSo9Ys2u2FLzipvELdGJTNLKrF6zM43JPu",
1.0199849999998606e+21 
],
[
"5EFSega39hik6fb3nKAaeSSYsiR1tbU3VE3fMSHEP8bcNuWR",
18295999998568143000 
],
[
"5H8UqgeSgoLwveH5r78W1LsrEvZ7sCNDRvNnnCTnTxCXY6Qg",
1.4853954741489705e+21 
],
[
"5DS6iuvvYJ9ivv8qJR3H6sv3FDxupF17oK5eTQSGrad6p8w7",
49809999999091350000 
],
[
"5CV1B1C7pLvapcGE7umsYghxqe5yBGs17h66jMCMTF7Qt9jD",
1.535865663608185e+21 
],
[
"5CG8A5ZDKb3GuAwod4bYgvgWCEc9waz4mmxBCfFuzQyW5c9g",
208638082830598730000 
],
[
"5GBtap4G27a8JQNskQgAasNXVJunUKRcMp6D7QHsvFnLfeDK",
786826304593011100000 
],
[
"5DvEnYqsgSEGhupAv4hGdqwzo6gkjLrD3WbPN3L7ZyUGEZRo",
1650999997971698400 
],
[
"5CfmT2Gwz68f7JVurQxS4iCv76bt5Az1z2r3VdWxAeLo4W4k",
5000000000000000000 
],
[
"5DNyTnxqRik9YXt2NathXdt4g4wJzr28Z9rN1kMk8fYdAJDB",
49843199999504335000 
],
[
"5GYYeAPYkSxRjSTzYwdq2kqcgTUa7z7oja79ceupRpx4S2M5",
90353613899247910000 
],
[
"5E4nX86naC6EXixw3hcAtjCzmjKc3VF6uEq6bfvwW99GTxCL",
2.159991508297259e+21 
],
[
"5FCAcRPxY77RVWKhCDZMpmVfnWvUsh9e1hncrjtEnPgs6fwW",
1.1611089107e+21 
],
[
"5CfqQS6cknYACTfBY9w5p4vR4d7ghQgsu94vFmQH8jd9k8Z8",
2.22981031771e+22 
],
[
"5D8H6qtBFMntuv5Z5MZiqJQUpXumi53NtHyZBHCtbnNjuRxG",
5000000000000000000 
],
[
"5FTooBPqP58tsVoMELnMFWXEMMRsFNRyuYFPDSpzv7FAv3bq",
28500082144074640000 
],
[
"5H9RVisok47xh66tvdLErKDr1XcfMjkb8Bs6zatNRQb7A9va",
3987599999775127000 
],
[
"5EUoqJaT9kYnSLZ5NrRL1CRbYoc1jdJW1Q1NQVcaHkQt47ss",
699423000000000000000 
],
[
"5EFTi4hFQcjaMpsvvSphYKmZB6iKeuh3SB8rBDU1t7S97NDp",
1.2349941529999985e+23 
],
[
"5F4bcGvErKDngTdS4pPcW3fZ7XPXU78WwfsFyWccRnJmB9EZ",
53465999998003480000 
],
[
"5DDD1Xrwria7BZ4NAtMUc5k2dbfjy9AC6ib1xN1L1y9KqWEW",
9443046149693465000 
],
[
"5CwTGCdnirT8ej5DGtCw1ttLDYvw5C8o7g7XTSSsxXaVz8no",
2.397290301106289e+22 
],
[
"5E2AUYWvZ7y4rjagf31e4siARLdfEXCDMY1B6zZeQSiwK9FG",
3e+21 
],
[
"5GCJDeofF4XxS6ikthFzTmHVXn5XznkVz4JDoJ6QmkJ4crbx",
5000000000000000000 
],
[
"5DkrPBBGExWVX1M132u62e8LmHYNzdVYRxvhV9BTArfJELTP",
5000000000000000000 
],
[
"5CwLtMAjT3giRpyMxkvU4BJRozCrR5Rx9DpeM3sQKw5Rp6bZ",
3.1979966951e+21 
],
[
"5CAGWqGSFthHVq5iyZUYAwCfQAxfeJGC3FaYAUiZG6MAvpoz",
60853960941060230000 
],
[
"5HVsEE5SWdmebNrA78Pi651WwDQ91Lvmmv6djpfkaXuFfVcu",
41985099999867340000 
],
[
"5GEi7zubqPtKkQsKo1HoXPCyo6xNPUKUDyyGHDvMmCPPjKfC",
2043799235535364900 
],
[
"5H5o9GSo8ZUTpB4R62jcuuQ5W6Cfmx25gRHJr1NaKdbnWaBS",
987699481100000000000 
],
[
"5FH3KgvwbVu3h9WpgpGNSpqD2DcEMYqUY9Pv8yQSBJ59kBcS",
1895199999019336000 
],
[
"5DycmDjx49HSQrGJPsNtYatF2vb46Uo9ujPc8SLYTGkifGVK",
5000000000000000000 
],
[
"5G23em73wBf5DtvSosYpfr6PKQAdfsYAZUnsWTnqRDjP8NXv",
5.44979e+21 
],
[
"5DQ1qpqSmCKEACAQGRcfs4fusm8rGViuuBJbLxaxVZVBBSrg",
5000000000000000000 
],
[
"5DFtWoLa2mGamUjJURJFXb77cX48LiQmKxQJPY7YUFZczqtn",
1547399417198850800 
],
[
"5ETutvrXGktWp6pdYK7hJky9xsrFa1i437u12G2JUaumRN5P",
4.998547802541086e+21 
],
[
"5DnMhnKfa7U6DQenbaA86Qtgxq3ztnrPu1sCbB1EKaBsKRvC",
1052999999236111900 
],
[
"5FeMsknHu6vk64Fab3gUg4iQrkpbtbf9jPU7VaELZePVUaX1",
473201417100000000000 
],
[
"5EFJM4s3Hr1yQzXAzPRzGuK7WXAt8WVpYDbVmFMNEpfeeRH7",
1000899337503653200 
],
[
"5EhrAPjkpstGF7xdk4YzTemvmGrwQBoHeiiH4EnTUgcMccHg",
10000000000000000000 
],
[
"5F9zdWBabdiPjQL311VsXoZUcryLkjXGn8TuDdLbxNBfvc3V",
6.745315365464433e+21 
],
[
"5EZTCYrWu2DNTRBUVUZx2pQ6Yudsc4t8WvmDbt9k9TsED6Fk",
1009115299556966700 
],
[
"5EyCDeFSEZ1Pn99DUdLoyyZRHhPbYKRkvoAmXhtm1cZXJXPM",
61260189999861060000 
],
[
"5F3t2PLpK729AKTwZ5rAMw28ZDw6hhSuuPVnqwzhMgHXshca",
2.001690918117395e+22 
],
[
"5H73XiASDTtavS6XpusEBfSHwizaQtvjxyFKBX1asv8s65K1",
2.55911383387e+22 
],
[
"5D2H49GsYpaidp5xuUo3xtZbx4d7vvCao1cx837KbPnhpVAk",
1.1011e+21 
],
[
"5CAYMdDqMnLeFa6hCAY8eTeYZvGAE9ixnC43V4bqwpgNCRNK",
1023098791492759300 
],
[
"5ELfCaHifC9dg3exZAAyP1ZpwVYrjwdjEse8sdZb6ARpsbiz",
8870099999568397000 
],
[
"5HB5WH7AJBZ8aXgckwSN8WyVyjZQeWaebvh2GGCogU3jCJ49",
5000000000000000000 
],
[
"5EXae1VUaAiwUvoBc6JwkXLQ9ePjn9KLP4cZTNDvs5n5vkSV",
95013767251402470000 
],
[
"5GxmJWHMswpVm4iK1Mt3nFYGJnYs6tp44JNXQmzj1Kmya1Cz",
500000000000000000000 
],
[
"5G1pLzkcy9VScGyGmmnazbFx2RVX4UeC7tjFHgXA7RUmrcrw",
20867280400000000000 
],
[
"5HRMzj5BGJtrZNivQ1HLNkqf9oJxGNxuXuggY6KLvMHRviz8",
1.22403184774e+22 
],
[
"5Fnsup1eFckUnzwzhZt369edCqnpDw82g7aaSUzNKtRAZb47",
424299869400000000000 
],
[
"5CQ4hkjSX3fEpH5tequSwpc8E4LPSDMwTzA7EWrppX2QHFkW",
933176000000000000000 
],
[
"5HKCKWwRxLUk64U4VyDNppC4F68XEiw7nMWZbbMcuYZ1VJqC",
130097465115552830000 
],
[
"5GeMrBRrZS2s9qvhMKYPwVmzVz4mqJjZjMqDXesEgQQVGUWo",
5000000000000000000 
],
[
"5ENgD8AvE1VgZe23ayLWpLzisJcDwBBEabSzt5rfLBn4rAEa",
13983660844348416000 
],
[
"5CV3CxghcX7XJQzbiFLXr7anvpjdi6KfGFcvsNG7u8c7pMQ1",
595575223971395500000 
],
[
"5CB1fZJsSCnfwWzs54CNrNxxsfM9xXLnc7LgXCcQPXx4QJF6",
1.4118328858577232e+23 
],
[
"5HBdwCntCYtcqytWUL3NoVKF3dMhwDgpmh9ZaipbGMrMo6x5",
1111000000000000000 
],
[
"5Cck9KHSKVtvi1RBAken4oag5Jkbs6T9hibFt1xMKyNQ6s6U",
5000000000000000000 
],
[
"5FCoTHzx6otuMaisAzDxK2PHq7MHE8HqJX4bo4UQ3kt2fn3k",
16848000000000000000 
],
[
"5FCvZYERakujyvyfdP7mFfFfk3R47yEzd9Kz4RDt8m3Hfhnx",
340418048397312260000 
],
[
"5Cg2EhLLR3SWea9KE6bKQaWfrGvajeNaPUwWz6i9zPUHNqt6",
5000000000000000000 
],
[
"5DFr67SXGesaPZbVW88RNEf8FzSRuv95FVM2aWm1XpFJWT69",
2.402588254295639e+21 
],
[
"5G6GvBMZUeb3ALBXkWJDRAVx82vUE9r5WsDZybsPFQ2ZvGpU",
1.00552837199059e+21 
],
[
"5HEM4KBzCRTS4apToJhjrYS7GhJbDrFTWct8N7rgc4D7YXK1",
178369999999722320000 
],
[
"5CdJJMgbpPXG8YRq8Ub3t1W4vh8kikokeo9eeazGStj5rnRo",
1.1320693348971334e+22 
],
[
"5D7Ku8zJFdunrpg6V62rNpA2xZ4PtWwCpiMQch2bSGzr81m5",
50545582115081080000 
],
[
"5CAfrt9bs5Mtob9BfRXoC9GZxPcShDavdcNrtzuh7KjwAhMi",
66328728483408930000 
],
[
"5DMBjX6B2xfXVBwG8kQNKk8FRDAkuNrrFAXsjvw3exAhhBjk",
497422277968741900000 
],
[
"5EfMHr6CTjoVxJZBK3M2nbTsTeSifrNAqyjS4LkjkF2ojUjB",
5000000000000000000 
],
[
"5DngqFnTfk1NWjMmftGDcyiepuRyy743EwtmddTR92D5wbgL",
52127308526430760000 
],
[
"5CD1zgcSfCoHDw3vYX9Hc8CM59aPUufeVTcvP3SJV2WL1VqD",
80834839725050200000 
],
[
"5EcWaVaUrHFWSJFyC5P7z5ABh83XJrDuZ6MscL2qBsnQdsNX",
521222729081182200000 
],
[
"5H5yLoVjDNgk4H3TT82fS86UPJBJ9cifNAfzHfk9i1SCS23P",
908005952910144800000 
],
[
"5HHH3293c2w9HvwyS9Y7eaLQuQ2ZVy1ZJKuHm3R58jyjuE84",
5.091e+21 
],
[
"5DqAe2KNzXVpNGZ3Pnuxte6PLAz4fk85hxt9FLpV9SxYevZu",
5000000000000000000 
],
[
"5GesAZnmKMV5DydbwJptJ5vaVmsHBQgNaEVkeyVXQaZxLkhR",
2.482452930058563e+22 
],
[
"5GQeEJ1mnbedogSZKzGq4ugp5PANSSVDuTS97VMrJ45Gy8bx",
143554051436325700000 
],
[
"5DcF5wJXYQDFcV4DGAnTFT1qXBD84T5YjecXCnpMCwWDfi2V",
4394923901257988600 
],
[
"5GpFvRArHNqH76GksbU1N4vifGpqsqFhX3ddNs7BN4FdtALB",
9986005799719140000 
],
[
"5FULWfna33veb2JxPyJFYdvgSsXJjKHWnu9hKjCdezFmAFi3",
5000000000000000000 
],
[
"5CmJAjBv46DkxMKM7xJJYsZfEjft4Mh7WcFNZfxtC1SwC7HK",
18723496004599497000 
],
[
"5CSkbjoWzPwvnG4YuDgsbdS1PBq8GGthscg2Di7nawyBdejd",
240577866146494500000 
],
[
"5HdWQapX9i8SkhkwfzoWHgRc1DWN8cSYdFN8EQ1BhKeTii2X",
143539160400000000000 
],
[
"5DkDgEYraNmCcm1i2cyKH36vZZWgFK6YvttFvvt8xPkAQNf1",
5000000000000000000 
],
[
"5Dex8z7CgcEP9oiFwRpzZ246DLxfwZVKHgYRemxjsZqnDswj",
1.333320211742176e+21 
],
[
"5HGN4rpTiLjt2h3rNru9MKDR2RQzKrCfJGrf5s2G64Pasvpe",
5000000000000000000 
],
[
"5GjVrB9W9hgJ1tyyfWW4aaqbHags3ZF3hSADd2db6JQ7hK31",
42804052533730610000 
],
[
"5GWaHxz1v7eMX7Ti6MWksq4HH2HCgAuy9JCrTCBsqsVbcBz7",
58879986045863480000 
],
[
"5EUqQABbzbYQKtysULJcKUFGgW5g3YHq4GFHSteXrcoMAVDp",
1652276001157473800 
],
[
"5EbuMsRjdEaLedofe5RmDquUJf56HSSg7xBkMoTEUrnLmCYu",
392695000000000000000 
],
[
"5DUaU8pja9czghEUv5DZie62iUhZE6w3vzDeVYWTWQf9AQGC",
2000000000000000000 
],
[
"5GEXS54WYXbypoCZtdgEZXGiCNtB9LJ3yypYQPvhpL8fsxby",
897832597100000000000 
],
[
"5G1JNttF6TGDhREShn4sYD5Ze8YPNP5HiGagQdF6sLzpZotg",
4.644827e+21 
],
[
"5FL89zCSswVDxe2PGy5FsGUV1p3AJFaF9GEUeG1LeNUtHwZU",
1.1034850999998372e+21 
],
[
"5DRjpvphMV1MmU7GoL4t8mGtqNgFLSdrXKUR8eEVSbQBtU7k",
2850999999750531600 
],
[
"5ETnNMADgsTYjhpMoXWpGDTF2SYmbLHnJJCGHiPGj1HD5NhM",
4988520068623541000 
],
[
"5GCckMw6HweLLxw48Brnz6b9AX11HREUZM66Pg4VeJscNeEH",
278904750489300040000 
],
[
"5DUezCvWxNotBKukADTQYGjKoF5f3DMpu8oUrEWr9B25faxo",
961679827000000000000 
],
[
"5E4Spix2E6H7P68cuMVUij1wWqYpyvpXx27D8WEDhHVvvTRE",
1.0015241775567537e+21 
],
[
"5FZrqhkUVJqp1N9RzH34ZbjMwcxm4ytTuiPKM9a9B3wRgFdL",
179030810500000000000 
],
[
"5CPwgdD69c2QxZ6k94oB2R1GGzXHHNjZqmEV9BFQwG5nEuaL",
29327785000000000000 
],
[
"5G23VHHa1NjUzNiKq5QMLkmwHMAsHG3aZr4pGkydScEHEBdQ",
2.9746658681e+21 
],
[
"5G3gnp58g4kSFrQo8YwCWptiMsejvhTVkFAQvnYAhyyfSbV5",
109874850615997100000 
],
[
"5CRquGeTkuwdDPB5XzDtdo2UevQsmR1mscygipvsBycEL2Cb",
57686986210685760000 
],
[
"5Do7jZ9uMdM7zgpsqsborRf6YGvnPprkuRZLEfMBcPsMZH5R",
17597727407776264000 
],
[
"5CG3D8NgzRahghaTFbb9gSuFAmpQNDBpnd4YVWbdLYKyswZZ",
5000000000000000000 
],
[
"5HMjGmwNJBfcoW4FssEjGqYpZHkN7gHfDCk5A8myz7VthWPB",
1038099999613410800 
],
[
"5EkPz4zWStELEqmmCN2iWvBMf7jxVkLzBRyVWWxTUgvYZNmJ",
76534000000000000000 
],
[
"5E2aMPcdZQQSaBxhT1XEqdzbost6PNaToKWw7gsbSVc72qDF",
2.076217e+21 
],
[
"5CcNtoPyJ67CQqTJHdbKGKnbrFVa7smvrSR4KH4MwA9bT5jg",
48375612210684630000 
],
[
"5DUmpAQ9gyH3L23rFEVERVp8xWbN78rFqdp12uh3XQu7czBV",
6000000000000000000 
],
[
"5HKKscCnvF1UN93ARF44prWXuctGWSv4WjEMWJus2dVWuMyA",
306189749975565900000 
],
[
"5DAY87fom7ntPMF4Y1CdDmvm1Eh4H9cEt463vL7wygVYvMjw",
53156999997465050000 
],
[
"5Fuge75B6LyMnitYMu8Mq1fCaTmCKeHrsXMWdyCSK4dWEFgs",
100000000000000000000 
],
[
"5GKHsHpiR1kEYMm6bQJWpN9GgtrtoiKsdWexdF6iyQBmeY2b",
51047795866143820000 
],
[
"5G6vENgq4zUmanpzC22SfvZRaPx4Z1F7h6ngy5Sx7erafbZy",
105000000000000000000 
],
[
"5GeEbd3XEHgsCPwWyA9Y86yZhUnbCXN9X9KthEkJMQMa23Nn",
1401999999499868700 
],
[
"5EFe8q5p39jtwdFATtkgTDKvUja4pibN5HxvDUUF6gy9w32x",
5000000000000000000 
],
[
"5GVuCuCpe2SCfXsXB5rFwKxGStU8ntgNDDr9eGsP95C5oPDT",
1114999999046708200 
],
[
"5Cz6wJMPjHWdGy59CMEwUB8TsnTjxyNZa94bYLGG2EWr4Av5",
581524442237795800000 
],
[
"5FYv4L4R9tbZni5qWvDuuAfkQUNcabT61TUY8HCpPSmpNZhR",
455509807667286640000 
],
[
"5EZZBQBZpm5JXps8BKHi3FiWUzrSJoWkQLJd7pukGRPG3LwD",
10433031899731200000 
],
[
"5DWx1hC5UFpKo7hHUYc6TmdWbiBywaz9xYe5Dpr5VTxNcKj4",
3174999995353353700 
],
[
"5H6toF52v3HmXcPCdyJTChx8XTnzBaR4f2GV4Kn1xo56Ebye",
94520042999828870000 
],
[
"5FA1wYGSgBYvD3xm8YQycBptKVnLxoKbuLVJ4zPo9Axvk6y3",
5000000000000000000 
],
[
"5E7Nwt9mzsvCVrPtJQWk876wEtr6JKkdyyW9SYch3w4K5QU5",
60483509799276550000 
],
[
"5CP8H8fRmCJyrnuhHczC1qp1FJcXVSQMTr628JtjsEgD3F62",
1.633572e+21 
],
[
"5CodRRVmKvxbujNub59Ljp3dWKhvKbqk8C6mpT63vrT11o8Y",
5000000000000000000 
],
[
"5EkKMrbNfvGxngkgZroor7KC4Lzv6x8ko8EZrpGC4EpoywDV",
220278695900000000000 
],
[
"5HpqkHMVhmnHtkKZkL35pU8sYdq7LPJCi96xJWVX8nHRfmXZ",
5000000000000000000 
],
[
"5E7PdTihBD2q2auoVpCMfzufgJS1vf1W2E6n39RKSJeBG5VC",
1.0008264000298564e+21 
],
[
"5GVjFWR7Wc2qCBr6TJBtcbbjPCFueh7vbezfmtfJMH9Mpe8x",
1.755061e+21 
],
[
"5FvX6EDv7ndjSrj5b4hDUES9uNnowYachvmtNfnN7hDuVcc8",
5000000000000000000 
],
[
"5Eh6X6omDMXHJ9uP9JNCsLdMp4puQufLBH7xYewEsThQs3EW",
999881899999452600000 
],
[
"5CFTYmjtRX6a2b7NNqLj1Dc45QFFt1cF8iH3ZTCejWcRvv4N",
422084187647496500000 
],
[
"5Hb4habVDxCmZrX8s2iLxYo6XutWdioN7bcHnwifoQPCyp4L",
5000000000000000000 
],
[
"5Cwou6QAkmR84Ujis1uyNQuCEywJnfxJCK7cfySJhasL8ciB",
695354000000000000000 
],
[
"5F4gbnHYjqorgtxd7UiMwM1P4Rfd6KW9seyi2KyJZz538RJe",
5000000000000000000 
],
[
"5FFG2d2WnT67Y5828JGpygPEmFXStC1bmnWwxJxo7Ep4U6qi",
1.0311415344189656e+21 
],
[
"5GWKfzM83zpbAnDzafGfzKHm2XntfKzjFPMHS4Rwh38AGVnF",
48656673130578220000 
],
[
"5CFMiwa1i2byPLUFLDW4gQmW5j9r6SAFQqBCn7cHeZifNicu",
219518000000000000000 
],
[
"5D263UEZ4WU9vtpFzAQJEhmWQdx4N1W7HNejJPYZ8EtCHqYX",
2.4131e+22 
],
[
"5EhVpPbmAt7G6wetXYWkRsKFyhtXeKLc1QXbHt7tnHBxHNVC",
8994721140189576000 
],
[
"5F3qd7RTrBtZw8fUre724xdQQV1pqWgDQKxyz2KdDfYjNr7y",
212020045757497840000 
],
[
"5DhJcdwVPrBBKLZTNbpjCWcYVKLTyD5g8bARi8SPoRhHBnqz",
896497273000000000000 
],
[
"5G9z8Ttoo7892VqBHiSWCbnd2aEdH8noJLqZ4HFMzMVNhvgP",
2.655e+21 
],
[
"5Gn5vcTZb484oGHbn3DoPEFiFPdnZ1c9Xe1nnpsD43p5AUti",
387966535073298600000 
],
[
"5HW6jT7dxT2TYry8Tucq5poWwkxKmZeFSwTGrrNRP97wHJq8",
400000000000000000000 
],
[
"5HZ67t6nkysDSo6LBE2Z1uLMuuYWshxA1kFbWnV5TcMS5tKs",
5000000000000000000 
],
[
"5EUAUG43YV19NkaCsec7mTBpDwKJmodQuhq2na76ZDwgurkM",
52952999997853420000 
],
[
"5F42z5YyMjLMU8k1BunmbHHtzBHy5YMUAu8RaDEMzjW42D76",
574503999999861460000 
],
[
"5H8f5eAW1MGAw3FrRJ4WibeywRNUtGzQxxUnzmwnwr4iMRbV",
130356899999861470000 
],
[
"5F6UTXxDKmSPwJLku1iXUYfQ9ZuYtk42vRNbE42QqMp84iJw",
3.690689e+21 
],
[
"5FRD7cY3mhUtwRUuigG5DphEmZz2bjFRXYLxE43LctbcxGs9",
2.9683168999995353e+21 
],
[
"5G4hCetxmchGLpLKaL5a2dXuxwkmzcg8xEhVRgBo3HwGSUMc",
16079566690324912000 
],
[
"5G1DHmsjD8ooRCvH3iTWtzM5TzfSatuqu2zcYeVHSUTyaVki",
5000000000000000000 
],
[
"5CUYHgo6XYJGdVA6zhzGBDTF8XUtmS4cAT9tCELpMZPuhgFQ",
1014799884980919000 
],
[
"5F1p5tcXqWXMKJBXZ9YdEfREcSLrXhpkYfwv2FYPkEeEeCEy",
8.899031997989974e+21 
],
[
"5C5Ntc6T84t6gbBdibJQC4wVe9q2vseMZN9AhUnSDNMBnCEY",
100000000000000000000 
],
[
"5E2i5Wq9s5PkZ4inHgeC7BEeatxXpd9qYQJrss6PXqhgTbPk",
2329513373653905400 
],
[
"5FeFZHcLWPFpYxw8h1P5zhXriMX1sHwEbjCSvm2QhKqgkFgE",
493970327900000000000 
],
[
"5G9SE5UDXSPHoajLt3gEqDpZeQt16dhShwhZyLqK89jG3KEi",
99441125337914520000 
],
[
"5FeYcdnF9ogT31G35maX1tJ7GQSQdGGsY2VHq4cSLVHGBCVU",
1172140689760962000 
],
[
"5E4jTqtf4KLdmYpuFCAHxbiVni9QGg7sbVwxknHypZfYi1Ht",
5000000000000000000 
],
[
"5FBmiBBkbT2e84kbF3VFeQ5aCRFUvZe4DBznkQjHFTNNEtcu",
2.504e+21 
],
[
"5EWy2VM1uKuiJYgzPo7944pEbRD847fxk8Br3xHkwec7mbeg",
44888920361602240000 
],
[
"5CFCWjU2dNm8n1WE9r7cZnnWGGiCuSFxR9Q73zYqVZjb25JA",
5000000000000000000 
],
[
"5F6aXpfQA9T8x88nq3X9Pmhf2ykcZKMmwjYQgYwMeY1pfw8e",
1701426633221576200 
],
[
"5Di87LmwyHKjsD8cssjsV67Fg4zdHNMRx9GzpPafMDtxGVTz",
220364385350814240000 
],
[
"5GNhRwW9kPum4bsLmf9TuTUesZBArj698CRyFT5sLFRQAW27",
10000000000000000000 
],
[
"5EnPwoebPfwzjGDnDgFury8mrNfQ6ePPXf4qcuUPvpg9oi2T",
5000000000000000000 
],
[
"5E25z54JnKfcBkcAMMxK1XoxDf7me97QW4h9wqdEKZKLmtZH",
684636430900000000000 
],
[
"5HWSELptLiWxsPcB1iUiBuuHveXF3mFHtw2UjPjp8bzcyAbC",
5.003767441919004e+21 
],
[
"5HmJMDEDXGMU8LjibMkS1X9dQSPYwc4cZQfMGmQCW2HiUZum",
90500000000000000000 
],
[
"5CRom6tjAX685Rbi9GVN9Q1E1YYhrYTiSc9ighRvwdp2z6tr",
384152412525940500000 
],
[
"5H5x4YTxxn4wscM4qP7LuzHuwarWooiHZphY52BXyY6nRbS6",
5000000000000000000 
],
[
"5CZxkWeqtTbdgRg3ox6GvgfTjYQtoRm4JozPANeNHDke1d3u",
17303999998393186000 
],
[
"5FFQKvmd1en9JAAmfSAGKiHtXpNLWuBQhGWouBFBfVghSMig",
5.3591e+21 
],
[
"5CviV3Z22ZvFJkMFFyAiVrHBeNFD5QPt9ytWX5LvXnt6sDUw",
324999000000000000000 
],
[
"5FKtF8t3mrTT47W1rfqChXCZt2wWCPBDXx685hgzcjXYQ5TW",
51211199868812390000 
],
[
"5CFgZU8ouozG74XxHX7gLhhgD9CytYjrCv8dyPTA9mdZ9pcn",
5000000000000000000 
],
[
"5GWhtBu1whxpTQGjkm43rnVxSJuAYxcVkcdnjHmDoopipc82",
918111901500000000000 
],
[
"5HQyguCpyZrDR7rvJga2tcMr6iDdD7jC9SVAZDtumuwzTTm3",
2000000000000000000 
],
[
"5HgUjbdqSiFPXEtbnBgUTh3Mp8Scq6JAmMxGz9FrFwHPwS9f",
7e+21 
],
[
"5G4ARxqjdoS6L9iLMaW9HvqaQrKMgh43YirntU1CGdbMsJnh",
1.99e+21 
],
[
"5Hn24Qho4BXnqhBSCBnmgaUD3f3fDTMQtnr3GCRLvM5137NX",
3.3607131852544347e+21 
],
[
"5GKieV13a45nt78SBHDnPuz8BY2uESXosoxWowKikegBWaMQ",
100000000000000000000 
],
[
"5EhkbfMNFt2hgpA85gGmmbGRgreboPv43GsEqZQWYqY3uzK1",
290000000000000000000 
],
[
"5CiRqHRPHguey3me53Q6QqcaerTqz2yb7Xf1fWZDqb8YPY7f",
6.9220911725e+21 
],
[
"5FLA9fvmaUuC9RQZkGv6DqgacGCUvMqev3cq1g6tKfVnQS3c",
34571000000000000000 
],
[
"5E9gCYzv6T6Si8rpTqpjEC4V2vDhpL5VArn8v6K6pAxavTHP",
2123000000000000000 
],
[
"5F1V21WLZt8T6ugdWJvb9Pe8UC4c77RbfBU6CGHo15PquH3r",
3.063363335471512e+22 
],
